2025-08-10 22:17:44 INFO pillsbot.app — startup.begin timezone='Europe/Kyiv'
2025-08-10 22:17:44 DEBUG pillsbot.engine — state.instance.create patient_id=382163513 time='0:35' text='Вітамін Д' status='Pending'
2025-08-10 22:17:44 DEBUG pillsbot.engine — state.instance.create patient_id=382163513 time='20:00' text='Вітамін Д' status='Pending'
2025-08-10 22:17:44 DEBUG pillsbot.engine — job.install job_id='dose_382163513_0:35' patient_id=382163513 time='0:35' text='Вітамін Д'
2025-08-10 22:17:44 DEBUG pillsbot.engine — job.install job_id='dose_382163513_20:00' patient_id=382163513 time='20:00' text='Вітамін Д'
2025-08-10 22:17:44 INFO pillsbot.engine — startup.cron job_id='dose_382163513_0:35' patient_id=382163513 time='0:35' text='Вітамін Д'
2025-08-10 22:17:44 INFO pillsbot.engine — startup.cron job_id='dose_382163513_20:00' patient_id=382163513 time='20:00' text='Вітамін Д'
2025-08-10 22:17:44 INFO pillsbot.app — startup.ready patients=1
2025-08-10 22:17:44 DEBUG pillsbot.app — polling.start
2025-08-10 22:17:44 DEBUG pillsbot.adapter — polling.run
2025-08-10 22:20:23 INFO pillsbot.app — startup.begin timezone='Europe/Kyiv'
2025-08-10 22:20:23 INFO pillsbot.engine — startup.cron job_id='dose_382163513_0:35' patient_id=382163513 time='0:35' text='Вітамін Д'
2025-08-10 22:20:23 INFO pillsbot.engine — startup.cron job_id='dose_382163513_20:00' patient_id=382163513 time='20:00' text='Вітамін Д'
2025-08-10 22:20:23 INFO pillsbot.app — startup.ready patients=1
2025-08-10 22:21:04 INFO pillsbot.app — startup.begin timezone='Europe/Kyiv'
2025-08-10 22:21:04 INFO pillsbot.engine — startup.cron job_id='dose_382163513_0:35' patient_id=382163513 time='0:35' text='Вітамін Д'
2025-08-10 22:21:04 INFO pillsbot.engine — startup.cron job_id='dose_382163513_20:00' patient_id=382163513 time='20:00' text='Вітамін Д'
2025-08-10 22:21:04 INFO pillsbot.app — startup.ready patients=1
2025-08-10 22:22:20 INFO pillsbot.app — startup.begin timezone='Europe/Kyiv'
2025-08-10 22:22:20 INFO pillsbot.engine — startup.cron job_id='dose_382163513_1:22' patient_id=382163513 time='1:22' text='Вітамін Д'
2025-08-10 22:22:20 INFO pillsbot.engine — startup.cron job_id='dose_382163513_20:00' patient_id=382163513 time='20:00' text='Вітамін Д'
2025-08-10 22:22:20 INFO pillsbot.app — startup.ready patients=1
2025-08-10 22:23:31 INFO pillsbot.app — startup.begin timezone='Europe/Kyiv'
2025-08-10 22:23:31 INFO pillsbot.engine — startup.cron job_id='dose_382163513_1:24' patient_id=382163513 time='1:24' text='Вітамін Д'
2025-08-10 22:23:31 INFO pillsbot.engine — startup.cron job_id='dose_382163513_20:00' patient_id=382163513 time='20:00' text='Вітамін Д'
2025-08-10 22:23:31 INFO pillsbot.app — startup.ready patients=1
2025-08-10 22:24:00 INFO pillsbot.adapter — msg.out.group group_id=-1002690368389 text='час прийняти Вітамін Д'
2025-08-10 22:24:30 INFO pillsbot.adapter — msg.out.group group_id=-1002690368389 text='не отримано підтвердження'
2025-08-10 22:24:38 INFO pillsbot.adapter — msg.in.group group_id=-1002690368389 sender_user_id=382163513 text='Так'
2025-08-10 22:24:38 INFO pillsbot.engine — msg.engine.in group_id=-1002690368389 sender_user_id=382163513 text='Так'
2025-08-10 22:24:38 INFO pillsbot.adapter — msg.out.group group_id=-1002690368389 text='підтвердження прийнято, дякую'
2025-08-10 22:24:38 INFO pillsbot.engine — msg.engine.reply group_id=-1002690368389 template='confirm_ack'
2025-08-10 22:27:29 INFO pillsbot.app — startup.begin timezone='Europe/Kyiv'
2025-08-10 22:27:29 DEBUG pillsbot.engine — state.instance.create patient_id=382163513 time='1:28' text='Вітамін Д' status='Pending'
2025-08-10 22:27:29 DEBUG pillsbot.engine — state.instance.create patient_id=382163513 time='20:00' text='Вітамін Д' status='Pending'
2025-08-10 22:27:29 DEBUG pillsbot.engine — job.install job_id='dose_382163513_1:28' patient_id=382163513 time='1:28' text='Вітамін Д'
2025-08-10 22:27:29 DEBUG pillsbot.engine — job.install job_id='dose_382163513_20:00' patient_id=382163513 time='20:00' text='Вітамін Д'
2025-08-10 22:27:29 INFO pillsbot.engine — startup.cron job_id='dose_382163513_1:28' patient_id=382163513 time='1:28' text='Вітамін Д'
2025-08-10 22:27:29 INFO pillsbot.engine — startup.cron job_id='dose_382163513_20:00' patient_id=382163513 time='20:00' text='Вітамін Д'
2025-08-10 22:27:29 INFO pillsbot.app — startup.ready patients=1
2025-08-10 22:27:29 DEBUG pillsbot.app — polling.start
2025-08-10 22:27:29 DEBUG pillsbot.adapter — polling.run
2025-08-10 22:28:00 DEBUG pillsbot.engine — job.trigger patient_id=382163513 time='1:28'
2025-08-10 22:28:00 INFO pillsbot.adapter — msg.out.group group_id=-1002690368389 text='час прийняти Вітамін Д'
2025-08-10 22:28:00 DEBUG pillsbot.engine — state.status.change patient_id=382163513 time='1:28' from_status='Pending' to_status='AwaitingConfirmation' reason='first reminder sent'
2025-08-10 22:28:00 DEBUG pillsbot.engine — job.retry.start patient_id=382163513 time='1:28' interval_s=30
2025-08-10 22:28:30 INFO pillsbot.adapter — msg.out.group group_id=-1002690368389 text='не отримано підтвердження'
2025-08-10 22:28:30 DEBUG pillsbot.engine — job.retry.tick patient_id=382163513 time='1:28' attempt=2
2025-08-10 22:28:48 INFO pillsbot.adapter — msg.in.group group_id=-1002690368389 sender_user_id=382163513 text='Гггг'
2025-08-10 22:28:48 INFO pillsbot.engine — msg.engine.in group_id=-1002690368389 sender_user_id=382163513 text='Гггг'
2025-08-10 22:28:48 DEBUG pillsbot.engine — msg.engine.noop reason='not a confirmation' text='Гггг'
2025-08-10 22:29:00 INFO pillsbot.adapter — msg.out.group group_id=-1002690368389 text='не отримано підтвердження'
2025-08-10 22:29:00 DEBUG pillsbot.engine — job.retry.tick patient_id=382163513 time='1:28' attempt=3
2025-08-10 22:29:19 INFO pillsbot.adapter — msg.in.group group_id=-1002690368389 sender_user_id=382163513 text='Так'
2025-08-10 22:29:19 INFO pillsbot.engine — msg.engine.in group_id=-1002690368389 sender_user_id=382163513 text='Так'
2025-08-10 22:29:19 DEBUG pillsbot.engine — job.retry.cancel patient_id=382163513 time='1:28'
2025-08-10 22:29:19 DEBUG pillsbot.engine — state.status.change patient_id=382163513 time='1:28' from_status='AwaitingConfirmation' to_status='Confirmed' reason='patient confirmed'
2025-08-10 22:29:19 INFO pillsbot.adapter — msg.out.group group_id=-1002690368389 text='підтвердження прийнято, дякую'
2025-08-10 22:29:19 INFO pillsbot.engine — msg.engine.reply group_id=-1002690368389 template='confirm_ack'
2025-08-11 19:28:13 INFO pillsbot.app — startup.begin timezone='Europe/Kyiv'
2025-08-11 19:28:13 DEBUG pillsbot.engine — state.instance.create patient_id=382163513 time='1:28' text='Вітамін Д' status='Pending'
2025-08-11 19:28:13 DEBUG pillsbot.engine — state.instance.create patient_id=382163513 time='20:00' text='Вітамін Д' status='Pending'
2025-08-11 19:28:13 DEBUG pillsbot.engine — job.install job_id='dose_382163513_1:28' patient_id=382163513 time='1:28' text='Вітамін Д'
2025-08-11 19:28:13 DEBUG pillsbot.engine — job.install job_id='dose_382163513_20:00' patient_id=382163513 time='20:00' text='Вітамін Д'
2025-08-11 19:28:13 DEBUG pillsbot.engine — job.install job_id='measure_check:382163513:pressure:21:00' patient_id=382163513 measure_id='pressure' time='21:00'
2025-08-11 19:28:13 DEBUG pillsbot.engine — job.install job_id='measure_check:382163513:weight:21:00' patient_id=382163513 measure_id='weight' time='21:00'
2025-08-11 19:28:13 INFO pillsbot.engine — startup.cron job_id='dose_382163513_1:28' patient_id=382163513 time='1:28' text='Вітамін Д'
2025-08-11 19:28:13 INFO pillsbot.engine — startup.cron job_id='dose_382163513_20:00' patient_id=382163513 time='20:00' text='Вітамін Д'
2025-08-11 19:28:13 INFO pillsbot.engine — startup.cron job_id='measure_check:382163513:pressure:21:00' patient_id=382163513 time='21:00' text='check pressure'
2025-08-11 19:28:13 INFO pillsbot.engine — startup.cron job_id='measure_check:382163513:weight:21:00' patient_id=382163513 time='21:00' text='check weight'
2025-08-11 19:28:13 INFO pillsbot.app — startup.ready patients=1
2025-08-11 19:28:13 DEBUG pillsbot.app — polling.start
2025-08-11 19:28:13 DEBUG pillsbot.adapter — polling.run
2025-08-11 19:29:36 INFO pillsbot.adapter — msg.in.group group_id=-1002690368389 sender_user_id=382163513 text='Ggjjkkk'
2025-08-11 19:29:36 INFO pillsbot.engine — msg.engine.in group_id=-1002690368389 sender_user_id=382163513 text='Ggjjkkk'
2025-08-11 19:29:36 INFO pillsbot.adapter — msg.out.group group_id=-1002690368389 text='вибачте, помилка. невідомий показник'
2025-08-11 19:29:36 INFO pillsbot.engine — msg.engine.reply group_id=-1002690368389 template='measure_unknown'
2025-08-11 19:30:04 INFO pillsbot.adapter — msg.in.group group_id=-1002690368389 sender_user_id=382163513 text='Тиск 22 33 44'
2025-08-11 19:30:04 INFO pillsbot.engine — msg.engine.in group_id=-1002690368389 sender_user_id=382163513 text='Тиск 22 33 44'
2025-08-11 19:30:04 INFO pillsbot.adapter — msg.out.group group_id=-1002690368389 text='отримано показник Тиск. Все ок.'
2025-08-11 19:30:04 INFO pillsbot.engine — msg.engine.reply group_id=-1002690368389 template='measure_ack' measure_id='pressure'
2025-08-11 19:30:18 INFO pillsbot.adapter — msg.in.group group_id=-1002690368389 sender_user_id=382163513 text='Тиск 55'
2025-08-11 19:30:18 INFO pillsbot.engine — msg.engine.in group_id=-1002690368389 sender_user_id=382163513 text='Тиск 55'
2025-08-11 19:30:18 INFO pillsbot.adapter — msg.out.group group_id=-1002690368389 text='вибачте, помилка. має бути 3 числа'
2025-08-11 19:30:18 INFO pillsbot.engine — msg.engine.reply group_id=-1002690368389 template='measure_error_arity' measure_id='pressure'
2025-08-11 19:30:27 INFO pillsbot.adapter — msg.in.group group_id=-1002690368389 sender_user_id=382163513 text='Тиск 55 66'
2025-08-11 19:30:27 INFO pillsbot.engine — msg.engine.in group_id=-1002690368389 sender_user_id=382163513 text='Тиск 55 66'
2025-08-11 19:30:27 INFO pillsbot.adapter — msg.out.group group_id=-1002690368389 text='вибачте, помилка. має бути 3 числа'
2025-08-11 19:30:27 INFO pillsbot.engine — msg.engine.reply group_id=-1002690368389 template='measure_error_arity' measure_id='pressure'
2025-08-11 19:30:34 INFO pillsbot.adapter — msg.in.group group_id=-1002690368389 sender_user_id=382163513 text='Тиск 55 66 77'
2025-08-11 19:30:34 INFO pillsbot.engine — msg.engine.in group_id=-1002690368389 sender_user_id=382163513 text='Тиск 55 66 77'
2025-08-11 19:30:34 INFO pillsbot.adapter — msg.out.group group_id=-1002690368389 text='отримано показник Тиск. Все ок.'
2025-08-11 19:30:34 INFO pillsbot.engine — msg.engine.reply group_id=-1002690368389 template='measure_ack' measure_id='pressure'
2025-08-11 19:30:42 INFO pillsbot.adapter — msg.in.group group_id=-1002690368389 sender_user_id=382163513 text='Вага 98'
2025-08-11 19:30:42 INFO pillsbot.engine — msg.engine.in group_id=-1002690368389 sender_user_id=382163513 text='Вага 98'
2025-08-11 19:30:42 INFO pillsbot.adapter — msg.out.group group_id=-1002690368389 text='отримано показник Вага. Все ок.'
2025-08-11 19:30:42 INFO pillsbot.engine — msg.engine.reply group_id=-1002690368389 template='measure_ack' measure_id='weight'
2025-08-11 19:30:51 INFO pillsbot.adapter — msg.in.group group_id=-1002690368389 sender_user_id=382163513 text='Вага 98.5'
2025-08-11 19:30:51 INFO pillsbot.engine — msg.engine.in group_id=-1002690368389 sender_user_id=382163513 text='Вага 98.5'
2025-08-11 19:30:51 INFO pillsbot.adapter — msg.out.group group_id=-1002690368389 text='отримано показник Вага. Все ок.'
2025-08-11 19:30:51 INFO pillsbot.engine — msg.engine.reply group_id=-1002690368389 template='measure_ack' measure_id='weight'
2025-08-11 19:42:48 INFO pillsbot.app — startup.begin timezone='Europe/Kyiv'
2025-08-11 19:42:48 DEBUG pillsbot.engine — state.instance.create patient_id=382163513 time='22:44' text='Вітамін Д' status='Pending'
2025-08-11 19:42:48 DEBUG pillsbot.engine — state.instance.create patient_id=382163513 time='20:00' text='Вітамін Д' status='Pending'
2025-08-11 19:42:48 DEBUG pillsbot.engine — job.install job_id='dose_382163513_22:44' patient_id=382163513 time='22:44' text='Вітамін Д'
2025-08-11 19:42:48 DEBUG pillsbot.engine — job.install job_id='dose_382163513_20:00' patient_id=382163513 time='20:00' text='Вітамін Д'
2025-08-11 19:42:48 DEBUG pillsbot.engine — job.install job_id='measure_check:382163513:pressure:21:00' patient_id=382163513 measure_id='pressure' time='21:00'
2025-08-11 19:42:48 DEBUG pillsbot.engine — job.install job_id='measure_check:382163513:weight:21:00' patient_id=382163513 measure_id='weight' time='21:00'
2025-08-11 19:42:48 INFO pillsbot.engine — startup.cron job_id='dose_382163513_22:44' patient_id=382163513 time='22:44' text='Вітамін Д'
2025-08-11 19:42:48 INFO pillsbot.engine — startup.cron job_id='dose_382163513_20:00' patient_id=382163513 time='20:00' text='Вітамін Д'
2025-08-11 19:42:48 INFO pillsbot.engine — startup.cron job_id='measure_check:382163513:pressure:21:00' patient_id=382163513 time='21:00' text='check pressure'
2025-08-11 19:42:48 INFO pillsbot.engine — startup.cron job_id='measure_check:382163513:weight:21:00' patient_id=382163513 time='21:00' text='check weight'
2025-08-11 19:42:48 INFO pillsbot.app — startup.ready patients=1
2025-08-11 19:42:48 DEBUG pillsbot.app — polling.start
2025-08-11 19:42:48 DEBUG pillsbot.adapter — polling.run
2025-08-11 19:44:00 DEBUG pillsbot.engine — job.trigger patient_id=382163513 time='22:44'
2025-08-11 19:44:00 INFO pillsbot.adapter — msg.out.group group_id=-1002690368389 text='час прийняти Вітамін Д'
2025-08-11 19:44:00 DEBUG pillsbot.engine — state.status.change patient_id=382163513 time='22:44' from_status='Pending' to_status='AwaitingConfirmation' reason='first reminder sent'
2025-08-11 19:44:00 DEBUG pillsbot.engine — job.retry.start patient_id=382163513 time='22:44' interval_s=30
2025-08-11 19:44:25 INFO pillsbot.adapter — msg.in.group group_id=-1002690368389 sender_user_id=7391874317 text='Рщрщшщр'
2025-08-11 19:44:25 INFO pillsbot.engine — msg.engine.in group_id=-1002690368389 sender_user_id=7391874317 text='Рщрщшщр'
2025-08-11 19:44:25 DEBUG pillsbot.engine — msg.engine.reject reason='unauthorized or unknown group' group_id=-1002690368389 sender_user_id=7391874317
2025-08-11 19:44:30 INFO pillsbot.adapter — msg.out.group group_id=-1002690368389 text='не отримано підтвердження'
2025-08-11 19:44:30 DEBUG pillsbot.engine — job.retry.tick patient_id=382163513 time='22:44' attempt=2
2025-08-11 19:45:00 INFO pillsbot.adapter — msg.out.group group_id=-1002690368389 text='не отримано підтвердження'
2025-08-11 19:45:00 DEBUG pillsbot.engine — job.retry.tick patient_id=382163513 time='22:44' attempt=3
2025-08-11 19:45:23 INFO pillsbot.adapter — msg.in.group group_id=-1002690368389 sender_user_id=7391874317 text='Так'
2025-08-11 19:45:23 INFO pillsbot.engine — msg.engine.in group_id=-1002690368389 sender_user_id=7391874317 text='Так'
2025-08-11 19:45:23 DEBUG pillsbot.engine — msg.engine.reject reason='unauthorized or unknown group' group_id=-1002690368389 sender_user_id=7391874317
2025-08-11 19:45:30 INFO pillsbot.adapter — msg.out.group group_id=-1002690368389 text='не отримано підтвердження, залучаємо мед.сестру'
2025-08-11 19:45:30 INFO pillsbot.adapter — msg.out.dm user_id=7391874317 text='пацієнт (Іван Петров): пропустив 2025-08-11 22:44, Вітамін Д'
2025-08-11 19:45:30 DEBUG pillsbot.engine — state.status.change patient_id=382163513 time='22:44' from_status='AwaitingConfirmation' to_status='Escalated' reason='max retries exceeded'
2025-08-11 19:45:30 DEBUG pillsbot.engine — job.retry.stop patient_id=382163513 time='22:44' reason='escalated'
2025-08-11 19:46:29 INFO pillsbot.app — startup.begin timezone='Europe/Kyiv'
2025-08-11 19:46:29 DEBUG pillsbot.engine — state.instance.create patient_id=382163513 time='22:47' text='Вітамін Д' status='Pending'
2025-08-11 19:46:29 DEBUG pillsbot.engine — state.instance.create patient_id=382163513 time='20:00' text='Вітамін Д' status='Pending'
2025-08-11 19:46:29 DEBUG pillsbot.engine — job.install job_id='dose_382163513_22:47' patient_id=382163513 time='22:47' text='Вітамін Д'
2025-08-11 19:46:29 DEBUG pillsbot.engine — job.install job_id='dose_382163513_20:00' patient_id=382163513 time='20:00' text='Вітамін Д'
2025-08-11 19:46:29 DEBUG pillsbot.engine — job.install job_id='measure_check:382163513:pressure:21:00' patient_id=382163513 measure_id='pressure' time='21:00'
2025-08-11 19:46:29 DEBUG pillsbot.engine — job.install job_id='measure_check:382163513:weight:21:00' patient_id=382163513 measure_id='weight' time='21:00'
2025-08-11 19:46:29 INFO pillsbot.engine — startup.cron job_id='dose_382163513_22:47' patient_id=382163513 time='22:47' text='Вітамін Д'
2025-08-11 19:46:29 INFO pillsbot.engine — startup.cron job_id='dose_382163513_20:00' patient_id=382163513 time='20:00' text='Вітамін Д'
2025-08-11 19:46:29 INFO pillsbot.engine — startup.cron job_id='measure_check:382163513:pressure:21:00' patient_id=382163513 time='21:00' text='check pressure'
2025-08-11 19:46:29 INFO pillsbot.engine — startup.cron job_id='measure_check:382163513:weight:21:00' patient_id=382163513 time='21:00' text='check weight'
2025-08-11 19:46:29 INFO pillsbot.app — startup.ready patients=1
2025-08-11 19:46:29 DEBUG pillsbot.app — polling.start
2025-08-11 19:46:29 DEBUG pillsbot.adapter — polling.run
2025-08-11 19:47:00 DEBUG pillsbot.engine — job.trigger patient_id=382163513 time='22:47'
2025-08-11 19:47:00 INFO pillsbot.adapter — msg.out.group group_id=-1002690368389 text='час прийняти Вітамін Д'
2025-08-11 19:47:00 DEBUG pillsbot.engine — state.status.change patient_id=382163513 time='22:47' from_status='Pending' to_status='AwaitingConfirmation' reason='first reminder sent'
2025-08-11 19:47:00 DEBUG pillsbot.engine — job.retry.start patient_id=382163513 time='22:47' interval_s=30
2025-08-11 19:47:07 INFO pillsbot.adapter — msg.in.group group_id=-1002690368389 sender_user_id=7391874317 text='Так'
2025-08-11 19:47:07 INFO pillsbot.engine — msg.engine.in group_id=-1002690368389 sender_user_id=7391874317 text='Так'
2025-08-11 19:47:07 DEBUG pillsbot.engine — msg.engine.reject reason='unauthorized or unknown group' group_id=-1002690368389 sender_user_id=7391874317
2025-08-11 19:47:30 INFO pillsbot.adapter — msg.out.group group_id=-1002690368389 text='не отримано підтвердження'
2025-08-11 19:47:30 DEBUG pillsbot.engine — job.retry.tick patient_id=382163513 time='22:47' attempt=2
2025-08-11 19:47:39 INFO pillsbot.adapter — msg.in.group group_id=-1002690368389 sender_user_id=7391874317 text='так'
2025-08-11 19:47:39 INFO pillsbot.engine — msg.engine.in group_id=-1002690368389 sender_user_id=7391874317 text='так'
2025-08-11 19:47:39 DEBUG pillsbot.engine — msg.engine.reject reason='unauthorized or unknown group' group_id=-1002690368389 sender_user_id=7391874317
2025-08-11 19:48:00 INFO pillsbot.adapter — msg.out.group group_id=-1002690368389 text='не отримано підтвердження'
2025-08-11 19:48:00 DEBUG pillsbot.engine — job.retry.tick patient_id=382163513 time='22:47' attempt=3
2025-08-11 19:48:08 INFO pillsbot.adapter — msg.in.group group_id=-1002690368389 sender_user_id=7391874317 text='Ок'
2025-08-11 19:48:08 INFO pillsbot.engine — msg.engine.in group_id=-1002690368389 sender_user_id=7391874317 text='Ок'
2025-08-11 19:48:08 DEBUG pillsbot.engine — msg.engine.reject reason='unauthorized or unknown group' group_id=-1002690368389 sender_user_id=7391874317
2025-08-11 19:48:22 INFO pillsbot.adapter — msg.in.group group_id=-1002690368389 sender_user_id=7391874317 text='OK'
2025-08-11 19:48:22 INFO pillsbot.engine — msg.engine.in group_id=-1002690368389 sender_user_id=7391874317 text='OK'
2025-08-11 19:48:22 DEBUG pillsbot.engine — msg.engine.reject reason='unauthorized or unknown group' group_id=-1002690368389 sender_user_id=7391874317
2025-08-11 19:48:30 INFO pillsbot.adapter — msg.out.group group_id=-1002690368389 text='не отримано підтвердження, залучаємо мед.сестру'
2025-08-11 19:48:30 INFO pillsbot.adapter — msg.out.dm user_id=7391874317 text='пацієнт (Іван Петров): пропустив 2025-08-11 22:47, Вітамін Д'
2025-08-11 19:48:30 DEBUG pillsbot.engine — state.status.change patient_id=382163513 time='22:47' from_status='AwaitingConfirmation' to_status='Escalated' reason='max retries exceeded'
2025-08-11 19:48:30 DEBUG pillsbot.engine — job.retry.stop patient_id=382163513 time='22:47' reason='escalated'
2025-08-11 19:50:25 INFO pillsbot.app — startup.begin timezone='Europe/Kyiv'
2025-08-11 19:50:25 DEBUG pillsbot.engine — state.instance.create patient_id=382163513 time='22:51' text='Вітамін Д' status='Pending'
2025-08-11 19:50:25 DEBUG pillsbot.engine — state.instance.create patient_id=382163513 time='20:00' text='Вітамін Д' status='Pending'
2025-08-11 19:50:25 DEBUG pillsbot.engine — job.install job_id='dose_382163513_22:51' patient_id=382163513 time='22:51' text='Вітамін Д'
2025-08-11 19:50:25 DEBUG pillsbot.engine — job.install job_id='dose_382163513_20:00' patient_id=382163513 time='20:00' text='Вітамін Д'
2025-08-11 19:50:25 DEBUG pillsbot.engine — job.install job_id='measure_check:382163513:pressure:21:00' patient_id=382163513 measure_id='pressure' time='21:00'
2025-08-11 19:50:25 DEBUG pillsbot.engine — job.install job_id='measure_check:382163513:weight:21:00' patient_id=382163513 measure_id='weight' time='21:00'
2025-08-11 19:50:25 INFO pillsbot.engine — startup.cron job_id='dose_382163513_22:51' patient_id=382163513 time='22:51' text='Вітамін Д'
2025-08-11 19:50:25 INFO pillsbot.engine — startup.cron job_id='dose_382163513_20:00' patient_id=382163513 time='20:00' text='Вітамін Д'
2025-08-11 19:50:25 INFO pillsbot.engine — startup.cron job_id='measure_check:382163513:pressure:21:00' patient_id=382163513 time='21:00' text='check pressure'
2025-08-11 19:50:25 INFO pillsbot.engine — startup.cron job_id='measure_check:382163513:weight:21:00' patient_id=382163513 time='21:00' text='check weight'
2025-08-11 19:50:25 INFO pillsbot.app — startup.ready patients=1
2025-08-11 19:50:25 DEBUG pillsbot.app — polling.start
2025-08-11 19:50:25 DEBUG pillsbot.adapter — polling.run
2025-08-11 19:51:00 DEBUG pillsbot.engine — job.trigger patient_id=382163513 time='22:51'
2025-08-11 19:51:00 INFO pillsbot.adapter — msg.out.group group_id=-1002690368389 text='час прийняти Вітамін Д'
2025-08-11 19:51:00 DEBUG pillsbot.engine — state.status.change patient_id=382163513 time='22:51' from_status='Pending' to_status='AwaitingConfirmation' reason='first reminder sent'
2025-08-11 19:51:00 DEBUG pillsbot.engine — job.retry.start patient_id=382163513 time='22:51' interval_s=30
2025-08-11 19:51:14 INFO pillsbot.adapter — msg.in.group group_id=-1002690368389 sender_user_id=7391874317 text='Так'
2025-08-11 19:51:14 INFO pillsbot.engine — msg.engine.in group_id=-1002690368389 sender_user_id=7391874317 text='Так'
2025-08-11 19:51:14 DEBUG pillsbot.engine — msg.engine.reject reason='unauthorized or unknown group' group_id=-1002690368389 sender_user_id=7391874317
2025-08-11 19:51:30 INFO pillsbot.adapter — msg.out.group group_id=-1002690368389 text='не отримано підтвердження'
2025-08-11 19:51:30 DEBUG pillsbot.engine — job.retry.tick patient_id=382163513 time='22:51' attempt=2
2025-08-11 19:52:00 INFO pillsbot.adapter — msg.out.group group_id=-1002690368389 text='не отримано підтвердження'
2025-08-11 19:52:00 DEBUG pillsbot.engine — job.retry.tick patient_id=382163513 time='22:51' attempt=3
2025-08-12 10:45:27 INFO pillsbot.app — startup.begin timezone='Europe/Kyiv'
2025-08-12 10:45:27 DEBUG pillsbot.engine — state.instance.create patient_id=382163513 time='22:51' text='Вітамін Д' status='Pending'
2025-08-12 10:45:27 DEBUG pillsbot.engine — state.instance.create patient_id=382163513 time='20:00' text='Вітамін Д' status='Pending'
2025-08-12 10:45:27 DEBUG pillsbot.engine — job.install job_id='dose_382163513_22:51' patient_id=382163513 time='22:51' text='Вітамін Д'
2025-08-12 10:45:27 DEBUG pillsbot.engine — job.install job_id='dose_382163513_20:00' patient_id=382163513 time='20:00' text='Вітамін Д'
2025-08-12 10:45:27 DEBUG pillsbot.engine — job.install job_id='measure_check:382163513:pressure:21:00' patient_id=382163513 measure_id='pressure' time='21:00'
2025-08-12 10:45:27 DEBUG pillsbot.engine — job.install job_id='measure_check:382163513:weight:21:00' patient_id=382163513 measure_id='weight' time='21:00'
2025-08-12 10:45:27 INFO pillsbot.engine — startup.cron job_id='dose_382163513_22:51' patient_id=382163513 time='22:51' text='Вітамін Д'
2025-08-12 10:45:27 INFO pillsbot.engine — startup.cron job_id='dose_382163513_20:00' patient_id=382163513 time='20:00' text='Вітамін Д'
2025-08-12 10:45:27 INFO pillsbot.engine — startup.cron job_id='measure_check:382163513:pressure:21:00' patient_id=382163513 time='21:00' text='check pressure'
2025-08-12 10:45:27 INFO pillsbot.engine — startup.cron job_id='measure_check:382163513:weight:21:00' patient_id=382163513 time='21:00' text='check weight'
2025-08-12 10:45:27 INFO pillsbot.app — startup.ready patients=1
2025-08-12 10:45:27 DEBUG pillsbot.app — polling.start
2025-08-12 10:45:27 DEBUG pillsbot.adapter — polling.run
2025-08-12 10:46:52 INFO pillsbot.adapter — msg.in.group group_id=-1002690368389 sender_user_id=382163513 text='Hi there!'
2025-08-12 10:47:43 INFO pillsbot.engine — msg.engine.in group_id=-1002690368389 sender_user_id=382163513 text='Hi there!'
2025-08-12 10:48:40 INFO pillsbot.adapter — msg.out.group group_id=-1002690368389 text='вибачте, помилка. невідомий показник'
2025-08-12 10:49:03 INFO pillsbot.engine — msg.engine.reply group_id=-1002690368389 template='measure_unknown'
2025-08-12 10:50:08 INFO pillsbot.app — startup.begin timezone='Europe/Kyiv'
2025-08-12 10:50:08 DEBUG pillsbot.engine — state.instance.create patient_id=382163513 time='13:51' text='Вітамін Д' status='Pending'
2025-08-12 10:50:08 DEBUG pillsbot.engine — state.instance.create patient_id=382163513 time='20:00' text='Вітамін Д' status='Pending'
2025-08-12 10:50:08 DEBUG pillsbot.engine — job.install job_id='dose_382163513_13:51' patient_id=382163513 time='13:51' text='Вітамін Д'
2025-08-12 10:50:08 DEBUG pillsbot.engine — job.install job_id='dose_382163513_20:00' patient_id=382163513 time='20:00' text='Вітамін Д'
2025-08-12 10:50:08 DEBUG pillsbot.engine — job.install job_id='measure_check:382163513:pressure:21:00' patient_id=382163513 measure_id='pressure' time='21:00'
2025-08-12 10:50:08 DEBUG pillsbot.engine — job.install job_id='measure_check:382163513:weight:21:00' patient_id=382163513 measure_id='weight' time='21:00'
2025-08-12 10:50:08 INFO pillsbot.engine — startup.cron job_id='dose_382163513_13:51' patient_id=382163513 time='13:51' text='Вітамін Д'
2025-08-12 10:50:08 INFO pillsbot.engine — startup.cron job_id='dose_382163513_20:00' patient_id=382163513 time='20:00' text='Вітамін Д'
2025-08-12 10:50:08 INFO pillsbot.engine — startup.cron job_id='measure_check:382163513:pressure:21:00' patient_id=382163513 time='21:00' text='check pressure'
2025-08-12 10:50:08 INFO pillsbot.engine — startup.cron job_id='measure_check:382163513:weight:21:00' patient_id=382163513 time='21:00' text='check weight'
2025-08-12 10:50:08 INFO pillsbot.app — startup.ready patients=1
2025-08-12 10:50:08 DEBUG pillsbot.app — polling.start
2025-08-12 10:50:08 DEBUG pillsbot.adapter — polling.run
2025-08-12 10:51:00 DEBUG pillsbot.engine — job.trigger patient_id=382163513 time='13:51'
2025-08-12 10:51:00 INFO pillsbot.adapter — msg.out.group group_id=-1002690368389 text='час прийняти Вітамін Д'
2025-08-12 10:51:00 DEBUG pillsbot.engine — state.status.change patient_id=382163513 time='13:51' from_status='Pending' to_status='AwaitingConfirmation' reason='first reminder sent'
2025-08-12 10:51:00 DEBUG pillsbot.engine — job.retry.start patient_id=382163513 time='13:51' interval_s=30
2025-08-12 10:51:32 INFO pillsbot.adapter — msg.in.group group_id=-1002690368389 sender_user_id=382163513 text='так'
2025-08-12 10:51:32 INFO pillsbot.engine — msg.engine.in group_id=-1002690368389 sender_user_id=382163513 text='так'
2025-08-12 10:52:53 DEBUG pillsbot.engine — job.retry.cancel patient_id=382163513 time='13:51'
2025-08-12 10:52:55 DEBUG pillsbot.engine — state.status.change patient_id=382163513 time='13:51' from_status='AwaitingConfirmation' to_status='Confirmed' reason='patient confirmed'
2025-08-12 10:53:10 INFO pillsbot.adapter — msg.out.group group_id=-1002690368389 text='підтвердження прийнято, дякую'
2025-08-12 10:53:19 INFO pillsbot.engine — msg.engine.reply group_id=-1002690368389 template='confirm_ack'
2025-08-12 10:53:51 INFO pillsbot.adapter — msg.in.group group_id=-1002690368389 sender_user_id=382163513 text='тиск 55 99 33'
2025-08-12 10:53:51 INFO pillsbot.engine — msg.engine.in group_id=-1002690368389 sender_user_id=382163513 text='тиск 55 99 33'
2025-08-12 10:53:57 INFO pillsbot.adapter — msg.out.group group_id=-1002690368389 text='отримано показник Тиск. Все ок.'
2025-08-12 10:53:57 INFO pillsbot.engine — msg.engine.reply group_id=-1002690368389 template='measure_ack' measure_id='pressure'
2025-08-12 18:19:50 INFO pillsbot.app — startup.begin timezone='Europe/Kyiv'
2025-08-12 18:19:50 DEBUG pillsbot.engine — state.instance.create patient_id=382163513 time='13:51' text='Вітамін Д' status='Pending'
2025-08-12 18:19:50 DEBUG pillsbot.engine — state.instance.create patient_id=382163513 time='20:00' text='Вітамін Д' status='Pending'
2025-08-12 18:19:50 DEBUG pillsbot.engine — job.install job_id='dose_382163513_13:51' patient_id=382163513 time='13:51' text='Вітамін Д'
2025-08-12 18:19:50 DEBUG pillsbot.engine — job.install job_id='dose_382163513_20:00' patient_id=382163513 time='20:00' text='Вітамін Д'
2025-08-12 18:19:50 DEBUG pillsbot.engine — job.install job_id='measure_check:382163513:pressure:21:00' patient_id=382163513 measure_id='pressure' time='21:00'
2025-08-12 18:19:50 DEBUG pillsbot.engine — job.install job_id='measure_check:382163513:weight:21:00' patient_id=382163513 measure_id='weight' time='21:00'
2025-08-12 18:19:50 INFO pillsbot.engine — startup.cron job_id='dose_382163513_13:51' patient_id=382163513 time='13:51' text='Вітамін Д'
2025-08-12 18:19:50 INFO pillsbot.engine — startup.cron job_id='dose_382163513_20:00' patient_id=382163513 time='20:00' text='Вітамін Д'
2025-08-12 18:19:50 INFO pillsbot.engine — startup.cron job_id='measure_check:382163513:pressure:21:00' patient_id=382163513 time='21:00' text='check pressure'
2025-08-12 18:19:50 INFO pillsbot.engine — startup.cron job_id='measure_check:382163513:weight:21:00' patient_id=382163513 time='21:00' text='check weight'
2025-08-12 18:19:50 INFO pillsbot.app — startup.ready patients=1
2025-08-12 18:19:50 DEBUG pillsbot.app — polling.start
2025-08-12 18:19:50 DEBUG pillsbot.adapter — polling.run
2025-08-12 18:21:03 INFO pillsbot.app — startup.begin timezone='Europe/Kyiv'
2025-08-12 18:21:03 DEBUG pillsbot.engine — state.instance.create patient_id=382163513 time='21:21' text='Вітамін Д' status='Pending'
2025-08-12 18:21:03 DEBUG pillsbot.engine — state.instance.create patient_id=382163513 time='20:00' text='Вітамін Д' status='Pending'
2025-08-12 18:21:03 DEBUG pillsbot.engine — job.install job_id='dose_382163513_21:21' patient_id=382163513 time='21:21' text='Вітамін Д'
2025-08-12 18:21:03 DEBUG pillsbot.engine — job.install job_id='dose_382163513_20:00' patient_id=382163513 time='20:00' text='Вітамін Д'
2025-08-12 18:21:03 DEBUG pillsbot.engine — job.install job_id='measure_check:382163513:pressure:21:00' patient_id=382163513 measure_id='pressure' time='21:00'
2025-08-12 18:21:03 DEBUG pillsbot.engine — job.install job_id='measure_check:382163513:weight:21:00' patient_id=382163513 measure_id='weight' time='21:00'
2025-08-12 18:21:03 INFO pillsbot.engine — startup.cron job_id='dose_382163513_21:21' patient_id=382163513 time='21:21' text='Вітамін Д'
2025-08-12 18:21:03 INFO pillsbot.engine — startup.cron job_id='dose_382163513_20:00' patient_id=382163513 time='20:00' text='Вітамін Д'
2025-08-12 18:21:03 INFO pillsbot.engine — startup.cron job_id='measure_check:382163513:pressure:21:00' patient_id=382163513 time='21:00' text='check pressure'
2025-08-12 18:21:03 INFO pillsbot.engine — startup.cron job_id='measure_check:382163513:weight:21:00' patient_id=382163513 time='21:00' text='check weight'
2025-08-12 18:21:03 INFO pillsbot.app — startup.ready patients=1
2025-08-12 18:21:03 DEBUG pillsbot.app — polling.start
2025-08-12 18:21:03 DEBUG pillsbot.adapter — polling.run
2025-08-12 18:21:46 INFO pillsbot.app — startup.begin timezone='Europe/Kyiv'
2025-08-12 18:21:46 DEBUG pillsbot.engine — state.instance.create patient_id=382163513 time='21:22' text='Вітамін Д' status='Pending'
2025-08-12 18:21:46 DEBUG pillsbot.engine — state.instance.create patient_id=382163513 time='20:00' text='Вітамін Д' status='Pending'
2025-08-12 18:21:46 DEBUG pillsbot.engine — job.install job_id='dose_382163513_21:22' patient_id=382163513 time='21:22' text='Вітамін Д'
2025-08-12 18:21:46 DEBUG pillsbot.engine — job.install job_id='dose_382163513_20:00' patient_id=382163513 time='20:00' text='Вітамін Д'
2025-08-12 18:21:46 DEBUG pillsbot.engine — job.install job_id='measure_check:382163513:pressure:21:00' patient_id=382163513 measure_id='pressure' time='21:00'
2025-08-12 18:21:46 DEBUG pillsbot.engine — job.install job_id='measure_check:382163513:weight:21:00' patient_id=382163513 measure_id='weight' time='21:00'
2025-08-12 18:21:46 INFO pillsbot.engine — startup.cron job_id='dose_382163513_21:22' patient_id=382163513 time='21:22' text='Вітамін Д'
2025-08-12 18:21:46 INFO pillsbot.engine — startup.cron job_id='dose_382163513_20:00' patient_id=382163513 time='20:00' text='Вітамін Д'
2025-08-12 18:21:46 INFO pillsbot.engine — startup.cron job_id='measure_check:382163513:pressure:21:00' patient_id=382163513 time='21:00' text='check pressure'
2025-08-12 18:21:46 INFO pillsbot.engine — startup.cron job_id='measure_check:382163513:weight:21:00' patient_id=382163513 time='21:00' text='check weight'
2025-08-12 18:21:46 INFO pillsbot.app — startup.ready patients=1
2025-08-12 18:21:46 DEBUG pillsbot.app — polling.start
2025-08-12 18:21:46 DEBUG pillsbot.adapter — polling.run
2025-08-12 18:22:00 DEBUG pillsbot.engine — job.trigger patient_id=382163513 time='21:22'
2025-08-12 18:22:00 INFO pillsbot.adapter — msg.out.group group_id=-1002690368389 text='час прийняти Вітамін Д'
2025-08-12 18:22:00 DEBUG pillsbot.engine — state.status.change patient_id=382163513 time='21:22' from_status='Pending' to_status='AwaitingConfirmation' reason='first reminder sent'
2025-08-12 18:22:00 DEBUG pillsbot.engine — job.retry.start patient_id=382163513 time='21:22' interval_s=30
2025-08-12 18:22:30 INFO pillsbot.adapter — msg.out.group group_id=-1002690368389 text='не отримано підтвердження'
2025-08-12 18:22:30 DEBUG pillsbot.engine — job.retry.tick patient_id=382163513 time='21:22' attempt=2
2025-08-12 18:23:00 INFO pillsbot.adapter — msg.out.group group_id=-1002690368389 text='не отримано підтвердження'
2025-08-12 18:23:00 DEBUG pillsbot.engine — job.retry.tick patient_id=382163513 time='21:22' attempt=3
2025-08-12 18:23:15 INFO pillsbot.adapter — msg.in.group group_id=-1002690368389 sender_user_id=382163513 text='/start'
2025-08-12 18:23:15 INFO pillsbot.engine — msg.engine.in group_id=-1002690368389 sender_user_id=382163513 text='/start'
2025-08-12 18:23:15 INFO pillsbot.adapter — msg.out.group group_id=-1002690368389 text='вибачте, помилка. невідомий показник'
2025-08-12 18:23:15 INFO pillsbot.engine — msg.engine.reply group_id=-1002690368389 template='measure_unknown'
2025-08-12 20:57:29 INFO pillsbot.app — startup.begin timezone='Europe/Kyiv'
2025-08-12 20:57:29 DEBUG pillsbot.engine — state.instance.create patient_id=382163513 time='23:58' text='Вітамін Д' status='Pending'
2025-08-12 20:57:29 DEBUG pillsbot.engine — state.instance.create patient_id=382163513 time='20:00' text='Вітамін Д' status='Pending'
2025-08-12 20:57:29 DEBUG pillsbot.engine — job.install job_id='dose_382163513_23:58' patient_id=382163513 time='23:58' text='Вітамін Д'
2025-08-12 20:57:29 DEBUG pillsbot.engine — job.install job_id='dose_382163513_20:00' patient_id=382163513 time='20:00' text='Вітамін Д'
2025-08-12 20:57:29 DEBUG pillsbot.engine — job.install job_id='measure_check:382163513:pressure:21:00' patient_id=382163513 measure_id='pressure' time='21:00'
2025-08-12 20:57:29 DEBUG pillsbot.engine — job.install job_id='measure_check:382163513:weight:21:00' patient_id=382163513 measure_id='weight' time='21:00'
2025-08-12 20:57:29 INFO pillsbot.engine — startup.cron job_id='dose_382163513_23:58' patient_id=382163513 time='23:58' text='Вітамін Д'
2025-08-12 20:57:29 INFO pillsbot.engine — startup.cron job_id='dose_382163513_20:00' patient_id=382163513 time='20:00' text='Вітамін Д'
2025-08-12 20:57:29 INFO pillsbot.engine — startup.cron job_id='measure_check:382163513:pressure:21:00' patient_id=382163513 time='21:00' text='check pressure'
2025-08-12 20:57:29 INFO pillsbot.engine — startup.cron job_id='measure_check:382163513:weight:21:00' patient_id=382163513 time='21:00' text='check weight'
2025-08-12 20:57:29 INFO pillsbot.app — startup.ready patients=1
2025-08-12 20:57:29 DEBUG pillsbot.app — polling.start
2025-08-12 20:57:29 DEBUG pillsbot.adapter — polling.run
2025-08-12 20:58:00 DEBUG pillsbot.engine — job.trigger patient_id=382163513 time='23:58'
2025-08-12 20:58:00 INFO pillsbot.adapter — msg.out.group group_id=-1002690368389 text='час прийняти Вітамін Д'
2025-08-12 20:58:00 DEBUG pillsbot.engine — state.status.change patient_id=382163513 time='23:58' from_status='Pending' to_status='AwaitingConfirmation' reason='first reminder sent'
2025-08-12 20:58:00 DEBUG pillsbot.engine — job.retry.start patient_id=382163513 time='23:58' interval_s=30
2025-08-12 20:58:30 INFO pillsbot.adapter — msg.out.group group_id=-1002690368389 text='не отримано підтвердження'
2025-08-12 20:58:30 DEBUG pillsbot.engine — job.retry.tick patient_id=382163513 time='23:58' attempt=2
2025-08-12 21:32:03 INFO pillsbot.app — startup.begin timezone='Europe/Kyiv'
2025-08-12 21:32:03 DEBUG pillsbot.engine — state.instance.create patient_id=382163513 time='23:58' text='Вітамін Д' status='Pending'
2025-08-12 21:32:03 DEBUG pillsbot.engine — state.instance.create patient_id=382163513 time='20:00' text='Вітамін Д' status='Pending'
2025-08-12 21:32:03 DEBUG pillsbot.engine — job.install job_id='dose_382163513_23:58' patient_id=382163513 time='23:58' text='Вітамін Д'
2025-08-12 21:32:03 DEBUG pillsbot.engine — job.install job_id='dose_382163513_20:00' patient_id=382163513 time='20:00' text='Вітамін Д'
2025-08-12 21:32:03 DEBUG pillsbot.engine — job.install job_id='measure_check:382163513:pressure:21:00' patient_id=382163513 measure_id='pressure' time='21:00'
2025-08-12 21:32:03 DEBUG pillsbot.engine — job.install job_id='measure_check:382163513:weight:21:00' patient_id=382163513 measure_id='weight' time='21:00'
2025-08-12 21:32:03 INFO pillsbot.engine — startup.cron job_id='dose_382163513_23:58' patient_id=382163513 time='23:58' text='Вітамін Д'
2025-08-12 21:32:03 INFO pillsbot.engine — startup.cron job_id='dose_382163513_20:00' patient_id=382163513 time='20:00' text='Вітамін Д'
2025-08-12 21:32:03 INFO pillsbot.engine — startup.cron job_id='measure_check:382163513:pressure:21:00' patient_id=382163513 time='21:00' text='check pressure'
2025-08-12 21:32:03 INFO pillsbot.engine — startup.cron job_id='measure_check:382163513:weight:21:00' patient_id=382163513 time='21:00' text='check weight'
2025-08-12 21:32:03 INFO pillsbot.app — startup.ready patients=1
2025-08-12 21:32:03 DEBUG pillsbot.app — polling.start
2025-08-12 21:32:03 DEBUG pillsbot.adapter — polling.run
2025-08-12 21:33:24 INFO pillsbot.app — startup.begin timezone='Europe/Kyiv'
2025-08-12 21:33:24 DEBUG pillsbot.engine — state.instance.create patient_id=382163513 time='00:34' text='Вітамін Д' status='Pending'
2025-08-12 21:33:24 DEBUG pillsbot.engine — state.instance.create patient_id=382163513 time='20:00' text='Вітамін Д' status='Pending'
2025-08-12 21:33:24 DEBUG pillsbot.engine — job.install job_id='dose_382163513_00:34' patient_id=382163513 time='00:34' text='Вітамін Д'
2025-08-12 21:33:24 DEBUG pillsbot.engine — job.install job_id='dose_382163513_20:00' patient_id=382163513 time='20:00' text='Вітамін Д'
2025-08-12 21:33:24 DEBUG pillsbot.engine — job.install job_id='measure_check:382163513:pressure:21:00' patient_id=382163513 measure_id='pressure' time='21:00'
2025-08-12 21:33:24 DEBUG pillsbot.engine — job.install job_id='measure_check:382163513:weight:21:00' patient_id=382163513 measure_id='weight' time='21:00'
2025-08-12 21:33:24 INFO pillsbot.engine — startup.cron job_id='dose_382163513_00:34' patient_id=382163513 time='00:34' text='Вітамін Д'
2025-08-12 21:33:24 INFO pillsbot.engine — startup.cron job_id='dose_382163513_20:00' patient_id=382163513 time='20:00' text='Вітамін Д'
2025-08-12 21:33:24 INFO pillsbot.engine — startup.cron job_id='measure_check:382163513:pressure:21:00' patient_id=382163513 time='21:00' text='check pressure'
2025-08-12 21:33:24 INFO pillsbot.engine — startup.cron job_id='measure_check:382163513:weight:21:00' patient_id=382163513 time='21:00' text='check weight'
2025-08-12 21:33:24 INFO pillsbot.app — startup.ready patients=1
2025-08-12 21:33:24 DEBUG pillsbot.app — polling.start
2025-08-12 21:33:24 DEBUG pillsbot.adapter — polling.run
2025-08-12 21:34:00 DEBUG pillsbot.engine — job.trigger patient_id=382163513 time='00:34'
2025-08-12 21:34:00 INFO pillsbot.engine — msg.engine.reply group_id=-1002690368389 template='час прийняти Вітамін Д'
2025-08-12 21:34:00 INFO pillsbot.adapter — msg.out.group group_id=-1002690368389 text='час прийняти Вітамін Д'
2025-08-12 21:50:42 INFO pillsbot.app — startup.begin timezone='Europe/Kyiv'
2025-08-12 21:50:42 DEBUG pillsbot.engine — state.instance.create patient_id=382163513 time='00:47' text='Вітамін Д' status='Pending'
2025-08-12 21:50:42 DEBUG pillsbot.engine — state.instance.create patient_id=382163513 time='20:00' text='Вітамін Д' status='Pending'
2025-08-12 21:50:42 DEBUG pillsbot.engine — job.install job_id='dose_382163513_00:47' patient_id=382163513 time='00:47' text='Вітамін Д'
2025-08-12 21:50:42 DEBUG pillsbot.engine — job.install job_id='dose_382163513_20:00' patient_id=382163513 time='20:00' text='Вітамін Д'
2025-08-12 21:50:42 DEBUG pillsbot.engine — job.install job_id='measure_check:382163513:pressure:21:00' patient_id=382163513 measure_id='pressure' time='21:00'
2025-08-12 21:50:42 DEBUG pillsbot.engine — job.install job_id='measure_check:382163513:weight:21:00' patient_id=382163513 measure_id='weight' time='21:00'
2025-08-12 21:50:42 INFO pillsbot.engine — startup.cron job_id='dose_382163513_00:47' patient_id=382163513 time='00:47' text='Вітамін Д'
2025-08-12 21:50:42 INFO pillsbot.engine — startup.cron job_id='dose_382163513_20:00' patient_id=382163513 time='20:00' text='Вітамін Д'
2025-08-12 21:50:42 INFO pillsbot.engine — startup.cron job_id='measure_check:382163513:pressure:21:00' patient_id=382163513 time='21:00' text='check pressure'
2025-08-12 21:50:42 INFO pillsbot.engine — startup.cron job_id='measure_check:382163513:weight:21:00' patient_id=382163513 time='21:00' text='check weight'
2025-08-12 21:50:42 INFO pillsbot.app — startup.ready patients=1
2025-08-12 21:50:42 DEBUG pillsbot.app — polling.start
2025-08-12 21:50:42 DEBUG pillsbot.adapter — polling.run
2025-08-12 21:51:44 INFO pillsbot.app — startup.begin timezone='Europe/Kyiv'
2025-08-12 21:51:44 DEBUG pillsbot.engine — state.instance.create patient_id=382163513 time='00:52' text='Вітамін Д' status='Pending'
2025-08-12 21:51:44 DEBUG pillsbot.engine — state.instance.create patient_id=382163513 time='20:00' text='Вітамін Д' status='Pending'
2025-08-12 21:51:44 DEBUG pillsbot.engine — job.install job_id='dose_382163513_00:52' patient_id=382163513 time='00:52' text='Вітамін Д'
2025-08-12 21:51:44 DEBUG pillsbot.engine — job.install job_id='dose_382163513_20:00' patient_id=382163513 time='20:00' text='Вітамін Д'
2025-08-12 21:51:44 DEBUG pillsbot.engine — job.install job_id='measure_check:382163513:pressure:21:00' patient_id=382163513 measure_id='pressure' time='21:00'
2025-08-12 21:51:44 DEBUG pillsbot.engine — job.install job_id='measure_check:382163513:weight:21:00' patient_id=382163513 measure_id='weight' time='21:00'
2025-08-12 21:51:44 INFO pillsbot.engine — startup.cron job_id='dose_382163513_00:52' patient_id=382163513 time='00:52' text='Вітамін Д'
2025-08-12 21:51:44 INFO pillsbot.engine — startup.cron job_id='dose_382163513_20:00' patient_id=382163513 time='20:00' text='Вітамін Д'
2025-08-12 21:51:44 INFO pillsbot.engine — startup.cron job_id='measure_check:382163513:pressure:21:00' patient_id=382163513 time='21:00' text='check pressure'
2025-08-12 21:51:44 INFO pillsbot.engine — startup.cron job_id='measure_check:382163513:weight:21:00' patient_id=382163513 time='21:00' text='check weight'
2025-08-12 21:51:44 INFO pillsbot.app — startup.ready patients=1
2025-08-12 21:51:44 DEBUG pillsbot.app — polling.start
2025-08-12 21:51:44 DEBUG pillsbot.adapter — polling.run
2025-08-12 21:52:00 DEBUG pillsbot.engine — job.trigger patient_id=382163513 time='00:52'
2025-08-12 21:52:00 INFO pillsbot.engine — msg.engine.reply group_id=-1002690368389 template='час прийняти Вітамін Д'
2025-08-12 21:52:00 INFO pillsbot.adapter — msg.out.group group_id=-1002690368389 text='час прийняти Вітамін Д'
2025-08-12 21:52:00 DEBUG pillsbot.engine — state.status.change patient_id=382163513 time='00:52' from_status='Pending' to_status='AwaitingConfirmation' reason='first reminder sent'
2025-08-12 21:52:00 INFO pillsbot.adapter — msg.out.group group_id=-1002690368389 text='(keyboard refresh)'
2025-08-12 21:52:00 DEBUG pillsbot.engine — job.retry.start patient_id=382163513 time='00:52' interval_s=30
2025-08-12 21:52:30 INFO pillsbot.engine — msg.engine.reply group_id=-1002690368389 template='не отримано підтвердження'
2025-08-12 21:52:30 INFO pillsbot.adapter — msg.out.group group_id=-1002690368389 text='не отримано підтвердження'
2025-08-12 21:52:30 INFO pillsbot.adapter — msg.out.group group_id=-1002690368389 text='(keyboard refresh)'
2025-08-12 21:52:30 DEBUG pillsbot.engine — job.retry.tick patient_id=382163513 time='00:52' attempt=2
2025-08-12 21:52:30 INFO pillsbot.adapter — msg.in.group group_id=-1002690368389 sender_user_id=382163513 text='Проллдд'
2025-08-12 21:52:30 INFO pillsbot.engine — msg.engine.in group_id=-1002690368389 sender_user_id=382163513 text='Проллдд'
2025-08-12 21:52:30 INFO pillsbot.engine — msg.engine.reply group_id=-1002690368389 template='вибачте, помилка. невідомий показник'
2025-08-12 21:52:30 INFO pillsbot.adapter — msg.out.group group_id=-1002690368389 text='вибачте, помилка. невідомий показник'
2025-08-12 21:52:49 INFO pillsbot.adapter — msg.in.group group_id=-1002690368389 sender_user_id=382163513 text='------'
2025-08-12 21:52:49 INFO pillsbot.engine — msg.engine.in group_id=-1002690368389 sender_user_id=382163513 text='------'
2025-08-12 21:52:49 INFO pillsbot.engine — msg.engine.reply group_id=-1002690368389 template='вибачте, помилка. невідомий показник'
2025-08-12 21:52:49 INFO pillsbot.adapter — msg.out.group group_id=-1002690368389 text='вибачте, помилка. невідомий показник'
2025-08-12 21:53:00 INFO pillsbot.engine — msg.engine.reply group_id=-1002690368389 template='не отримано підтвердження'
2025-08-12 21:53:00 INFO pillsbot.adapter — msg.out.group group_id=-1002690368389 text='не отримано підтвердження'
2025-08-12 21:53:00 INFO pillsbot.adapter — msg.out.group group_id=-1002690368389 text='(keyboard refresh)'
2025-08-12 21:53:00 DEBUG pillsbot.engine — job.retry.tick patient_id=382163513 time='00:52' attempt=3
2025-08-12 21:53:03 INFO pillsbot.adapter — msg.in.group group_id=-1002690368389 sender_user_id=382163513 text='тиск 22 33 44'
2025-08-12 21:53:03 INFO pillsbot.engine — msg.engine.in group_id=-1002690368389 sender_user_id=382163513 text='тиск 22 33 44'
2025-08-12 21:53:03 INFO pillsbot.engine — msg.engine.reply group_id=-1002690368389 template='отримано показник Тиск. Все ок.'
2025-08-12 21:53:03 INFO pillsbot.adapter — msg.out.group group_id=-1002690368389 text='отримано показник Тиск. Все ок.'
2025-08-12 21:53:42 INFO pillsbot.app — startup.begin timezone='Europe/Kyiv'
2025-08-12 21:53:42 DEBUG pillsbot.engine — state.instance.create patient_id=382163513 time='00:54' text='Вітамін Д' status='Pending'
2025-08-12 21:53:42 DEBUG pillsbot.engine — state.instance.create patient_id=382163513 time='20:00' text='Вітамін Д' status='Pending'
2025-08-12 21:53:42 DEBUG pillsbot.engine — job.install job_id='dose_382163513_00:54' patient_id=382163513 time='00:54' text='Вітамін Д'
2025-08-12 21:53:42 DEBUG pillsbot.engine — job.install job_id='dose_382163513_20:00' patient_id=382163513 time='20:00' text='Вітамін Д'
2025-08-12 21:53:42 DEBUG pillsbot.engine — job.install job_id='measure_check:382163513:pressure:21:00' patient_id=382163513 measure_id='pressure' time='21:00'
2025-08-12 21:53:42 DEBUG pillsbot.engine — job.install job_id='measure_check:382163513:weight:21:00' patient_id=382163513 measure_id='weight' time='21:00'
2025-08-12 21:53:42 INFO pillsbot.engine — startup.cron job_id='dose_382163513_00:54' patient_id=382163513 time='00:54' text='Вітамін Д'
2025-08-12 21:53:42 INFO pillsbot.engine — startup.cron job_id='dose_382163513_20:00' patient_id=382163513 time='20:00' text='Вітамін Д'
2025-08-12 21:53:42 INFO pillsbot.engine — startup.cron job_id='measure_check:382163513:pressure:21:00' patient_id=382163513 time='21:00' text='check pressure'
2025-08-12 21:53:42 INFO pillsbot.engine — startup.cron job_id='measure_check:382163513:weight:21:00' patient_id=382163513 time='21:00' text='check weight'
2025-08-12 21:53:42 INFO pillsbot.app — startup.ready patients=1
2025-08-12 21:53:42 DEBUG pillsbot.app — polling.start
2025-08-12 21:53:42 DEBUG pillsbot.adapter — polling.run
2025-08-12 21:54:00 DEBUG pillsbot.engine — job.trigger patient_id=382163513 time='00:54'
2025-08-12 21:54:00 INFO pillsbot.engine — msg.engine.reply group_id=-1002690368389 template='час прийняти Вітамін Д'
2025-08-12 21:54:00 INFO pillsbot.adapter — msg.out.group group_id=-1002690368389 text='час прийняти Вітамін Д'
2025-08-12 21:54:00 DEBUG pillsbot.engine — state.status.change patient_id=382163513 time='00:54' from_status='Pending' to_status='AwaitingConfirmation' reason='first reminder sent'
2025-08-12 21:54:00 INFO pillsbot.adapter — msg.out.group group_id=-1002690368389 text='(keyboard refresh)'
2025-08-12 21:54:00 DEBUG pillsbot.engine — job.retry.start patient_id=382163513 time='00:54' interval_s=30
2025-08-12 21:54:30 INFO pillsbot.engine — msg.engine.reply group_id=-1002690368389 template='не отримано підтвердження'
2025-08-12 21:54:30 INFO pillsbot.adapter — msg.out.group group_id=-1002690368389 text='не отримано підтвердження'
2025-08-12 21:54:30 INFO pillsbot.adapter — msg.out.group group_id=-1002690368389 text='(keyboard refresh)'
2025-08-12 21:54:30 DEBUG pillsbot.engine — job.retry.tick patient_id=382163513 time='00:54' attempt=2
2025-08-12 21:55:00 INFO pillsbot.engine — msg.engine.reply group_id=-1002690368389 template='не отримано підтвердження'
2025-08-12 21:55:00 INFO pillsbot.adapter — msg.out.group group_id=-1002690368389 text='не отримано підтвердження'
2025-08-12 21:55:00 INFO pillsbot.adapter — msg.out.group group_id=-1002690368389 text='(keyboard refresh)'
2025-08-12 21:55:00 DEBUG pillsbot.engine — job.retry.tick patient_id=382163513 time='00:54' attempt=3
2025-08-12 21:55:30 INFO pillsbot.engine — msg.engine.reply group_id=-1002690368389 template='не отримано підтвердження, залучаємо мед.сестру'
2025-08-12 21:55:30 INFO pillsbot.adapter — msg.out.group group_id=-1002690368389 text='не отримано підтвердження, залучаємо мед.сестру'
2025-08-12 21:55:30 INFO pillsbot.adapter — msg.out.dm user_id=7391874317 text='пацієнт (Іван Петров): пропустив 2025-08-13 00:54, Вітамін Д'
2025-08-12 21:55:30 DEBUG pillsbot.engine — state.status.change patient_id=382163513 time='00:54' from_status='AwaitingConfirmation' to_status='Escalated' reason='max retries exceeded'
2025-08-12 21:55:30 DEBUG pillsbot.engine — job.retry.stop patient_id=382163513 time='00:54' reason='escalated'
2025-08-12 22:05:01 INFO pillsbot.app — startup.begin timezone='Europe/Kyiv'
2025-08-12 22:05:01 DEBUG pillsbot.engine — state.instance.create patient_id=382163513 time='00:54' text='Вітамін Д' status='Pending'
2025-08-12 22:05:01 DEBUG pillsbot.engine — state.instance.create patient_id=382163513 time='20:00' text='Вітамін Д' status='Pending'
2025-08-12 22:05:01 DEBUG pillsbot.engine — job.install job_id='dose_382163513_00:54' patient_id=382163513 time='00:54' text='Вітамін Д'
2025-08-12 22:05:01 DEBUG pillsbot.engine — job.install job_id='dose_382163513_20:00' patient_id=382163513 time='20:00' text='Вітамін Д'
2025-08-12 22:05:01 DEBUG pillsbot.engine — job.install job_id='measure_check:382163513:pressure:21:00' patient_id=382163513 measure_id='pressure' time='21:00'
2025-08-12 22:05:01 DEBUG pillsbot.engine — job.install job_id='measure_check:382163513:weight:21:00' patient_id=382163513 measure_id='weight' time='21:00'
2025-08-12 22:05:01 INFO pillsbot.engine — startup.cron job_id='dose_382163513_00:54' patient_id=382163513 time='00:54' text='Вітамін Д'
2025-08-12 22:05:01 INFO pillsbot.engine — startup.cron job_id='dose_382163513_20:00' patient_id=382163513 time='20:00' text='Вітамін Д'
2025-08-12 22:05:01 INFO pillsbot.engine — startup.cron job_id='measure_check:382163513:pressure:21:00' patient_id=382163513 time='21:00' text='check pressure'
2025-08-12 22:05:01 INFO pillsbot.engine — startup.cron job_id='measure_check:382163513:weight:21:00' patient_id=382163513 time='21:00' text='check weight'
2025-08-12 22:05:01 INFO pillsbot.app — startup.ready patients=1
2025-08-12 22:05:01 DEBUG pillsbot.app — polling.start
2025-08-12 22:05:01 DEBUG pillsbot.adapter — polling.run
2025-08-12 22:12:36 INFO pillsbot.app — startup.begin timezone='Europe/Kyiv'
2025-08-12 22:12:36 DEBUG pillsbot.engine — state.instance.create patient_id=382163513 time='00:54' text='Вітамін Д' status='Pending'
2025-08-12 22:12:36 DEBUG pillsbot.engine — state.instance.create patient_id=382163513 time='20:00' text='Вітамін Д' status='Pending'
2025-08-12 22:12:36 DEBUG pillsbot.engine — job.install job_id='dose_382163513_00:54' patient_id=382163513 time='00:54' text='Вітамін Д'
2025-08-12 22:12:36 DEBUG pillsbot.engine — job.install job_id='dose_382163513_20:00' patient_id=382163513 time='20:00' text='Вітамін Д'
2025-08-12 22:12:36 DEBUG pillsbot.engine — job.install job_id='measure_check:382163513:pressure:21:00' patient_id=382163513 measure_id='pressure' time='21:00'
2025-08-12 22:12:36 DEBUG pillsbot.engine — job.install job_id='measure_check:382163513:weight:21:00' patient_id=382163513 measure_id='weight' time='21:00'
2025-08-12 22:12:36 INFO pillsbot.engine — startup.cron job_id='dose_382163513_00:54' patient_id=382163513 time='00:54' text='Вітамін Д'
2025-08-12 22:12:36 INFO pillsbot.engine — startup.cron job_id='dose_382163513_20:00' patient_id=382163513 time='20:00' text='Вітамін Д'
2025-08-12 22:12:36 INFO pillsbot.engine — startup.cron job_id='measure_check:382163513:pressure:21:00' patient_id=382163513 time='21:00' text='check pressure'
2025-08-12 22:12:36 INFO pillsbot.engine — startup.cron job_id='measure_check:382163513:weight:21:00' patient_id=382163513 time='21:00' text='check weight'
2025-08-12 22:12:36 INFO pillsbot.app — startup.ready patients=1
2025-08-12 22:12:36 DEBUG pillsbot.app — polling.start
2025-08-12 22:12:36 DEBUG pillsbot.adapter — polling.run
2025-08-12 22:13:47 INFO pillsbot.app — startup.begin timezone='Europe/Kyiv'
2025-08-12 22:13:47 DEBUG pillsbot.engine — state.instance.create patient_id=382163513 time='01:14' text='Вітамін Д' status='Pending'
2025-08-12 22:13:47 DEBUG pillsbot.engine — state.instance.create patient_id=382163513 time='20:00' text='Вітамін Д' status='Pending'
2025-08-12 22:13:48 DEBUG pillsbot.engine — job.install job_id='dose_382163513_01:14' patient_id=382163513 time='01:14' text='Вітамін Д'
2025-08-12 22:13:48 DEBUG pillsbot.engine — job.install job_id='dose_382163513_20:00' patient_id=382163513 time='20:00' text='Вітамін Д'
2025-08-12 22:13:48 DEBUG pillsbot.engine — job.install job_id='measure_check:382163513:pressure:21:00' patient_id=382163513 measure_id='pressure' time='21:00'
2025-08-12 22:13:48 DEBUG pillsbot.engine — job.install job_id='measure_check:382163513:weight:21:00' patient_id=382163513 measure_id='weight' time='21:00'
2025-08-12 22:13:48 INFO pillsbot.engine — startup.cron job_id='dose_382163513_01:14' patient_id=382163513 time='01:14' text='Вітамін Д'
2025-08-12 22:13:48 INFO pillsbot.engine — startup.cron job_id='dose_382163513_20:00' patient_id=382163513 time='20:00' text='Вітамін Д'
2025-08-12 22:13:48 INFO pillsbot.engine — startup.cron job_id='measure_check:382163513:pressure:21:00' patient_id=382163513 time='21:00' text='check pressure'
2025-08-12 22:13:48 INFO pillsbot.engine — startup.cron job_id='measure_check:382163513:weight:21:00' patient_id=382163513 time='21:00' text='check weight'
2025-08-12 22:13:48 INFO pillsbot.app — startup.ready patients=1
2025-08-12 22:13:48 DEBUG pillsbot.app — polling.start
2025-08-12 22:13:48 DEBUG pillsbot.adapter — polling.run
2025-08-12 22:14:00 DEBUG pillsbot.engine — job.trigger patient_id=382163513 time='01:14'
2025-08-12 22:14:00 DEBUG pillsbot.engine — state.status.change patient_id=382163513 time='01:14' from_status='Pending' to_status='AwaitingConfirmation' reason='first reminder pre-set'
2025-08-12 22:14:00 INFO pillsbot.engine — msg.engine.reply group_id=-1002690368389 template='час прийняти Вітамін Д'
2025-08-12 22:14:00 INFO pillsbot.adapter — msg.out.group group_id=-1002690368389 text='час прийняти Вітамін Д'
2025-08-12 22:14:00 INFO pillsbot.adapter — msg.out.group group_id=-1002690368389 text='(keyboard refresh)'
2025-08-12 22:14:00 DEBUG pillsbot.engine — job.retry.start patient_id=382163513 time='01:14' interval_s=30
2025-08-12 22:14:10 INFO pillsbot.adapter — msg.in.group group_id=-1002690368389 sender_user_id=382163513 text='Тиск'
2025-08-12 22:14:10 INFO pillsbot.engine — msg.engine.in group_id=-1002690368389 sender_user_id=382163513 text='Тиск'
2025-08-12 22:14:10 INFO pillsbot.engine — msg.engine.reply group_id=-1002690368389 template='Введіть три числа: систолічний, діастолічний, пульс. Приклад: "т...'
2025-08-12 22:14:10 INFO pillsbot.adapter — msg.out.group group_id=-1002690368389 text='Введіть три числа: систолічний, діастолічний, пульс. Приклад: "тиск 120 80 60".'
2025-08-12 22:14:21 INFO pillsbot.adapter — msg.in.group group_id=-1002690368389 sender_user_id=382163513 text='44 55 66'
2025-08-12 22:14:21 INFO pillsbot.engine — msg.engine.in group_id=-1002690368389 sender_user_id=382163513 text='44 55 66'
2025-08-12 22:14:21 INFO pillsbot.engine — msg.engine.reply group_id=-1002690368389 template='вибачте, помилка. невідомий показник'
2025-08-12 22:14:21 INFO pillsbot.adapter — msg.out.group group_id=-1002690368389 text='вибачте, помилка. невідомий показник'
2025-08-12 22:14:25 INFO pillsbot.adapter — msg.in.group group_id=-1002690368389 sender_user_id=382163513 text='Тиск'
2025-08-12 22:14:25 INFO pillsbot.engine — msg.engine.in group_id=-1002690368389 sender_user_id=382163513 text='Тиск'
2025-08-12 22:14:25 INFO pillsbot.engine — msg.engine.reply group_id=-1002690368389 template='Введіть три числа: систолічний, діастолічний, пульс. Приклад: "т...'
2025-08-12 22:14:25 INFO pillsbot.adapter — msg.out.group group_id=-1002690368389 text='Введіть три числа: систолічний, діастолічний, пульс. Приклад: "тиск 120 80 60".'
2025-08-12 22:14:30 INFO pillsbot.engine — msg.engine.reply group_id=-1002690368389 template='не отримано підтвердження'
2025-08-12 22:14:30 INFO pillsbot.adapter — msg.out.group group_id=-1002690368389 text='не отримано підтвердження'
2025-08-12 22:14:30 INFO pillsbot.adapter — msg.out.group group_id=-1002690368389 text='(keyboard refresh)'
2025-08-12 22:14:30 DEBUG pillsbot.engine — job.retry.tick patient_id=382163513 time='01:14' attempt=2
2025-08-12 22:14:37 DEBUG pillsbot.engine — cb.resolve.msgid.hit message_id=111 patient_id=382163513 time='01:14'
2025-08-12 22:14:37 DEBUG pillsbot.engine — job.retry.cancel patient_id=382163513 time='01:14'
2025-08-12 22:14:37 DEBUG pillsbot.engine — state.status.change patient_id=382163513 time='01:14' from_status='AwaitingConfirmation' to_status='Confirmed' reason='inline button'
2025-08-12 22:14:37 INFO pillsbot.engine — msg.engine.reply group_id=-1002690368389 template='підтвердження прийнято, дякую'
2025-08-12 22:14:37 INFO pillsbot.adapter — msg.out.group group_id=-1002690368389 text='підтвердження прийнято, дякую'
2025-08-12 22:14:49 INFO pillsbot.adapter — msg.in.group group_id=-1002690368389 sender_user_id=382163513 text='Help'
2025-08-12 22:14:49 INFO pillsbot.engine — msg.engine.in group_id=-1002690368389 sender_user_id=382163513 text='Help'
2025-08-12 22:14:49 INFO pillsbot.engine — msg.engine.reply group_id=-1002690368389 template='Кнопки:\n• Тиск — надішліть 3 числа: верхній, нижній, пульс (напр...'
2025-08-12 22:14:49 INFO pillsbot.adapter — msg.out.group group_id=-1002690368389 text='Кнопки:\n• Тиск — надішліть 3 числа: верхній, нижній, пульс (наприклад: "тиск 120 80 60").\n• Вага — надішліть одне число в кг (наприклад: "вага 72,5").\n• Ліки вже прийнято — підтвердження прийому.\nТакож можна просто написати: "ок", "+", "так" тощо.'
2025-08-12 22:15:11 INFO pillsbot.adapter — msg.in.group group_id=-1002690368389 sender_user_id=382163513 text='Дрщозозо'
2025-08-12 22:15:11 INFO pillsbot.engine — msg.engine.in group_id=-1002690368389 sender_user_id=382163513 text='Дрщозозо'
2025-08-12 22:15:11 INFO pillsbot.engine — msg.engine.reply group_id=-1002690368389 template='вибачте, помилка. невідомий показник'
2025-08-12 22:15:11 INFO pillsbot.adapter — msg.out.group group_id=-1002690368389 text='вибачте, помилка. невідомий показник'
2025-08-12 22:15:23 INFO pillsbot.adapter — msg.in.group group_id=-1002690368389 sender_user_id=382163513 text='Вага'
2025-08-12 22:15:23 INFO pillsbot.engine — msg.engine.in group_id=-1002690368389 sender_user_id=382163513 text='Вага'
2025-08-12 22:15:23 INFO pillsbot.engine — msg.engine.reply group_id=-1002690368389 template='Введіть одну цифру (кг). Приклад: "вага 72,5".'
2025-08-12 22:15:23 INFO pillsbot.adapter — msg.out.group group_id=-1002690368389 text='Введіть одну цифру (кг). Приклад: "вага 72,5".'
2025-08-12 22:15:27 INFO pillsbot.adapter — msg.in.group group_id=-1002690368389 sender_user_id=382163513 text='44'
2025-08-12 22:15:27 INFO pillsbot.engine — msg.engine.in group_id=-1002690368389 sender_user_id=382163513 text='44'
2025-08-12 22:15:27 INFO pillsbot.engine — msg.engine.reply group_id=-1002690368389 template='вибачте, помилка. невідомий показник'
2025-08-12 22:15:27 INFO pillsbot.adapter — msg.out.group group_id=-1002690368389 text='вибачте, помилка. невідомий показник'
2025-08-12 22:15:39 INFO pillsbot.adapter — msg.in.group group_id=-1002690368389 sender_user_id=382163513 text='Вага'
2025-08-12 22:15:39 INFO pillsbot.engine — msg.engine.in group_id=-1002690368389 sender_user_id=382163513 text='Вага'
2025-08-12 22:15:39 INFO pillsbot.engine — msg.engine.reply group_id=-1002690368389 template='Введіть одну цифру (кг). Приклад: "вага 72,5".'
2025-08-12 22:15:39 INFO pillsbot.adapter — msg.out.group group_id=-1002690368389 text='Введіть одну цифру (кг). Приклад: "вага 72,5".'
2025-08-12 22:15:45 INFO pillsbot.adapter — msg.in.group group_id=-1002690368389 sender_user_id=382163513 text='55'
2025-08-12 22:15:45 INFO pillsbot.engine — msg.engine.in group_id=-1002690368389 sender_user_id=382163513 text='55'
2025-08-12 22:15:45 INFO pillsbot.engine — msg.engine.reply group_id=-1002690368389 template='вибачте, помилка. невідомий показник'
2025-08-12 22:15:45 INFO pillsbot.adapter — msg.out.group group_id=-1002690368389 text='вибачте, помилка. невідомий показник'
2025-08-12 22:16:53 INFO pillsbot.app — startup.begin timezone='Europe/Kyiv'
2025-08-12 22:16:53 DEBUG pillsbot.engine — state.instance.create patient_id=382163513 time='01:17' text='Вітамін Д' status='Pending'
2025-08-12 22:16:53 DEBUG pillsbot.engine — state.instance.create patient_id=382163513 time='20:00' text='Вітамін Д' status='Pending'
2025-08-12 22:16:53 DEBUG pillsbot.engine — job.install job_id='dose_382163513_01:17' patient_id=382163513 time='01:17' text='Вітамін Д'
2025-08-12 22:16:53 DEBUG pillsbot.engine — job.install job_id='dose_382163513_20:00' patient_id=382163513 time='20:00' text='Вітамін Д'
2025-08-12 22:16:53 DEBUG pillsbot.engine — job.install job_id='measure_check:382163513:pressure:21:00' patient_id=382163513 measure_id='pressure' time='21:00'
2025-08-12 22:16:53 DEBUG pillsbot.engine — job.install job_id='measure_check:382163513:weight:21:00' patient_id=382163513 measure_id='weight' time='21:00'
2025-08-12 22:16:53 INFO pillsbot.engine — startup.cron job_id='dose_382163513_01:17' patient_id=382163513 time='01:17' text='Вітамін Д'
2025-08-12 22:16:53 INFO pillsbot.engine — startup.cron job_id='dose_382163513_20:00' patient_id=382163513 time='20:00' text='Вітамін Д'
2025-08-12 22:16:53 INFO pillsbot.engine — startup.cron job_id='measure_check:382163513:pressure:21:00' patient_id=382163513 time='21:00' text='check pressure'
2025-08-12 22:16:53 INFO pillsbot.engine — startup.cron job_id='measure_check:382163513:weight:21:00' patient_id=382163513 time='21:00' text='check weight'
2025-08-12 22:16:53 INFO pillsbot.app — startup.ready patients=1
2025-08-12 22:16:53 DEBUG pillsbot.app — polling.start
2025-08-12 22:16:53 DEBUG pillsbot.adapter — polling.run
2025-08-12 22:17:00 DEBUG pillsbot.engine — job.trigger patient_id=382163513 time='01:17'
2025-08-12 22:17:00 DEBUG pillsbot.engine — state.status.change patient_id=382163513 time='01:17' from_status='Pending' to_status='AwaitingConfirmation' reason='first reminder pre-set'
2025-08-12 22:17:00 INFO pillsbot.engine — msg.engine.reply group_id=-1002690368389 template='час прийняти Вітамін Д'
2025-08-12 22:17:00 INFO pillsbot.adapter — msg.out.group group_id=-1002690368389 text='час прийняти Вітамін Д'
2025-08-12 22:17:00 INFO pillsbot.adapter — msg.out.group group_id=-1002690368389 text='(keyboard refresh)'
2025-08-12 22:17:00 DEBUG pillsbot.engine — job.retry.start patient_id=382163513 time='01:17' interval_s=30
2025-08-12 22:17:30 INFO pillsbot.engine — msg.engine.reply group_id=-1002690368389 template='не отримано підтвердження'
2025-08-12 22:17:30 INFO pillsbot.adapter — msg.out.group group_id=-1002690368389 text='не отримано підтвердження'
2025-08-12 22:17:30 INFO pillsbot.adapter — msg.out.group group_id=-1002690368389 text='(keyboard refresh)'
2025-08-12 22:17:30 DEBUG pillsbot.engine — job.retry.tick patient_id=382163513 time='01:17' attempt=2
2025-08-12 22:17:39 DEBUG pillsbot.engine — cb.resolve.msgid.hit message_id=128 patient_id=382163513 time='01:17'
2025-08-12 22:17:39 DEBUG pillsbot.engine — job.retry.cancel patient_id=382163513 time='01:17'
2025-08-12 22:17:39 DEBUG pillsbot.engine — state.status.change patient_id=382163513 time='01:17' from_status='AwaitingConfirmation' to_status='Confirmed' reason='inline button'
2025-08-12 22:17:39 INFO pillsbot.engine — msg.engine.reply group_id=-1002690368389 template='підтвердження прийнято, дякую'
2025-08-12 22:17:39 INFO pillsbot.adapter — msg.out.group group_id=-1002690368389 text='підтвердження прийнято, дякую'
2025-08-12 22:17:48 INFO pillsbot.adapter — msg.in.group group_id=-1002690368389 sender_user_id=382163513 text='Тиск'
2025-08-12 22:17:48 INFO pillsbot.engine — msg.engine.in group_id=-1002690368389 sender_user_id=382163513 text='Тиск'
2025-08-12 22:17:48 INFO pillsbot.engine — msg.engine.reply group_id=-1002690368389 template='Введіть три числа: систолічний, діастолічний, пульс. Приклад: "т...'
2025-08-12 22:17:48 INFO pillsbot.adapter — msg.out.group group_id=-1002690368389 text='Введіть три числа: систолічний, діастолічний, пульс. Приклад: "тиск 120 80 60".'
2025-08-12 22:17:55 INFO pillsbot.adapter — msg.in.group group_id=-1002690368389 sender_user_id=382163513 text='33 44 55'
2025-08-12 22:17:55 INFO pillsbot.engine — msg.engine.in group_id=-1002690368389 sender_user_id=382163513 text='33 44 55'
2025-08-12 22:17:55 INFO pillsbot.engine — msg.engine.reply group_id=-1002690368389 template='вибачте, помилка. невідомий показник'
2025-08-12 22:17:55 INFO pillsbot.adapter — msg.out.group group_id=-1002690368389 text='вибачте, помилка. невідомий показник'
2025-08-12 22:19:15 INFO pillsbot.adapter — msg.in.group group_id=-1002690368389 sender_user_id=382163513 text='Тиск'
2025-08-12 22:19:15 INFO pillsbot.engine — msg.engine.in group_id=-1002690368389 sender_user_id=382163513 text='Тиск'
2025-08-12 22:19:15 INFO pillsbot.engine — msg.engine.reply group_id=-1002690368389 template='Введіть три числа: систолічний, діастолічний, пульс. Приклад: "т...'
2025-08-12 22:19:15 INFO pillsbot.adapter — msg.out.group group_id=-1002690368389 text='Введіть три числа: систолічний, діастолічний, пульс. Приклад: "тиск 120 80 60".'
2025-08-12 22:19:27 INFO pillsbot.adapter — msg.in.group group_id=-1002690368389 sender_user_id=382163513 text='тиск 11 22 33'
2025-08-12 22:19:27 INFO pillsbot.engine — msg.engine.in group_id=-1002690368389 sender_user_id=382163513 text='тиск 11 22 33'
2025-08-12 22:19:27 INFO pillsbot.engine — msg.engine.reply group_id=-1002690368389 template='отримано показник Тиск. Все ок.'
2025-08-12 22:19:27 INFO pillsbot.adapter — msg.out.group group_id=-1002690368389 text='отримано показник Тиск. Все ок.'
2025-08-12 22:19:35 INFO pillsbot.adapter — msg.in.group group_id=-1002690368389 sender_user_id=382163513 text='Вага'
2025-08-12 22:19:35 INFO pillsbot.engine — msg.engine.in group_id=-1002690368389 sender_user_id=382163513 text='Вага'
2025-08-12 22:19:35 INFO pillsbot.engine — msg.engine.reply group_id=-1002690368389 template='Введіть одну цифру (кг). Приклад: "вага 72,5".'
2025-08-12 22:19:35 INFO pillsbot.adapter — msg.out.group group_id=-1002690368389 text='Введіть одну цифру (кг). Приклад: "вага 72,5".'
2025-08-12 22:19:46 INFO pillsbot.adapter — msg.in.group group_id=-1002690368389 sender_user_id=382163513 text='вага 45,4'
2025-08-12 22:19:46 INFO pillsbot.engine — msg.engine.in group_id=-1002690368389 sender_user_id=382163513 text='вага 45,4'
2025-08-12 22:19:46 INFO pillsbot.engine — msg.engine.reply group_id=-1002690368389 template='отримано показник Вага. Все ок.'
2025-08-12 22:19:46 INFO pillsbot.adapter — msg.out.group group_id=-1002690368389 text='отримано показник Вага. Все ок.'
2025-08-12 22:20:28 INFO pillsbot.app — startup.begin timezone='Europe/Kyiv'
2025-08-12 22:20:28 DEBUG pillsbot.engine — state.instance.create patient_id=382163513 time='01:21' text='Вітамін Д' status='Pending'
2025-08-12 22:20:28 DEBUG pillsbot.engine — state.instance.create patient_id=382163513 time='20:00' text='Вітамін Д' status='Pending'
2025-08-12 22:20:28 DEBUG pillsbot.engine — job.install job_id='dose_382163513_01:21' patient_id=382163513 time='01:21' text='Вітамін Д'
2025-08-12 22:20:28 DEBUG pillsbot.engine — job.install job_id='dose_382163513_20:00' patient_id=382163513 time='20:00' text='Вітамін Д'
2025-08-12 22:20:28 DEBUG pillsbot.engine — job.install job_id='measure_check:382163513:pressure:21:00' patient_id=382163513 measure_id='pressure' time='21:00'
2025-08-12 22:20:28 DEBUG pillsbot.engine — job.install job_id='measure_check:382163513:weight:21:00' patient_id=382163513 measure_id='weight' time='21:00'
2025-08-12 22:20:28 INFO pillsbot.engine — startup.cron job_id='dose_382163513_01:21' patient_id=382163513 time='01:21' text='Вітамін Д'
2025-08-12 22:20:28 INFO pillsbot.engine — startup.cron job_id='dose_382163513_20:00' patient_id=382163513 time='20:00' text='Вітамін Д'
2025-08-12 22:20:28 INFO pillsbot.engine — startup.cron job_id='measure_check:382163513:pressure:21:00' patient_id=382163513 time='21:00' text='check pressure'
2025-08-12 22:20:28 INFO pillsbot.engine — startup.cron job_id='measure_check:382163513:weight:21:00' patient_id=382163513 time='21:00' text='check weight'
2025-08-12 22:20:28 INFO pillsbot.app — startup.ready patients=1
2025-08-12 22:20:28 DEBUG pillsbot.app — polling.start
2025-08-12 22:20:28 DEBUG pillsbot.adapter — polling.run
2025-08-12 22:21:00 DEBUG pillsbot.engine — job.trigger patient_id=382163513 time='01:21'
2025-08-12 22:21:00 DEBUG pillsbot.engine — state.status.change patient_id=382163513 time='01:21' from_status='Pending' to_status='AwaitingConfirmation' reason='first reminder pre-set'
2025-08-12 22:21:00 INFO pillsbot.engine — msg.engine.reply group_id=-1002690368389 template='час прийняти Вітамін Д'
2025-08-12 22:21:00 INFO pillsbot.adapter — msg.out.group group_id=-1002690368389 text='час прийняти Вітамін Д'
2025-08-12 22:21:00 INFO pillsbot.adapter — msg.out.group group_id=-1002690368389 text='(keyboard refresh)'
2025-08-12 22:21:00 DEBUG pillsbot.engine — job.retry.start patient_id=382163513 time='01:21' interval_s=30
2025-08-12 22:21:30 INFO pillsbot.engine — msg.engine.reply group_id=-1002690368389 template='не отримано підтвердження'
2025-08-12 22:21:30 INFO pillsbot.adapter — msg.out.group group_id=-1002690368389 text='не отримано підтвердження'
2025-08-12 22:21:30 INFO pillsbot.adapter — msg.out.group group_id=-1002690368389 text='(keyboard refresh)'
2025-08-12 22:21:30 DEBUG pillsbot.engine — job.retry.tick patient_id=382163513 time='01:21' attempt=2
2025-08-12 22:22:00 INFO pillsbot.engine — msg.engine.reply group_id=-1002690368389 template='не отримано підтвердження'
2025-08-12 22:22:00 INFO pillsbot.adapter — msg.out.group group_id=-1002690368389 text='не отримано підтвердження'
2025-08-12 22:22:00 INFO pillsbot.adapter — msg.out.group group_id=-1002690368389 text='(keyboard refresh)'
2025-08-12 22:22:00 DEBUG pillsbot.engine — job.retry.tick patient_id=382163513 time='01:21' attempt=3
2025-08-12 22:22:30 INFO pillsbot.engine — msg.engine.reply group_id=-1002690368389 template='не отримано підтвердження, залучаємо мед.сестру'
2025-08-12 22:22:30 INFO pillsbot.adapter — msg.out.group group_id=-1002690368389 text='не отримано підтвердження, залучаємо мед.сестру'
2025-08-12 22:22:30 INFO pillsbot.adapter — msg.out.dm user_id=7391874317 text='пацієнт (Іван Петров): пропустив 2025-08-13 01:21, Вітамін Д'
2025-08-12 22:22:30 DEBUG pillsbot.engine — state.status.change patient_id=382163513 time='01:21' from_status='AwaitingConfirmation' to_status='Escalated' reason='max retries exceeded'
2025-08-12 22:22:30 DEBUG pillsbot.engine — job.retry.stop patient_id=382163513 time='01:21' reason='escalated'
2025-08-12 22:22:39 DEBUG pillsbot.engine — cb.resolve.msgid.hit message_id=147 patient_id=382163513 time='01:21'
2025-08-12 22:22:39 DEBUG pillsbot.engine — state.status.change patient_id=382163513 time='01:21' from_status='Escalated' to_status='Confirmed' reason='inline button'
2025-08-12 22:22:39 INFO pillsbot.engine — msg.engine.reply group_id=-1002690368389 template='підтвердження прийнято, дякую'
2025-08-12 22:22:39 INFO pillsbot.adapter — msg.out.group group_id=-1002690368389 text='підтвердження прийнято, дякую'
2025-08-12 22:22:39 INFO pillsbot.adapter — msg.out.dm user_id=7391874317 text='Пізнє підтвердження: Іван Петров за 2025-08-13 01:21 — OK.'
2025-08-13 12:40:04 INFO pillsbot.app — startup.begin timezone='Europe/Kyiv'
2025-08-13 12:40:04 DEBUG pillsbot.engine — state.instance.create patient_id=382163513 time='15:40' text='Вітамін Д' status='Pending'
2025-08-13 12:40:04 DEBUG pillsbot.engine — state.instance.create patient_id=382163513 time='20:00' text='Вітамін Д' status='Pending'
2025-08-13 12:40:04 DEBUG pillsbot.engine — job.install job_id='dose_382163513_15:40' patient_id=382163513 time='15:40' text='Вітамін Д'
2025-08-13 12:40:04 DEBUG pillsbot.engine — job.install job_id='dose_382163513_20:00' patient_id=382163513 time='20:00' text='Вітамін Д'
2025-08-13 12:40:04 DEBUG pillsbot.engine — job.install job_id='measure_check:382163513:pressure:21:00' patient_id=382163513 measure_id='pressure' time='21:00'
2025-08-13 12:40:04 DEBUG pillsbot.engine — job.install job_id='measure_check:382163513:weight:21:00' patient_id=382163513 measure_id='weight' time='21:00'
2025-08-13 12:40:04 INFO pillsbot.engine — startup.cron job_id='dose_382163513_15:40' patient_id=382163513 time='15:40' text='Вітамін Д'
2025-08-13 12:40:04 INFO pillsbot.engine — startup.cron job_id='dose_382163513_20:00' patient_id=382163513 time='20:00' text='Вітамін Д'
2025-08-13 12:40:04 INFO pillsbot.engine — startup.cron job_id='measure_check:382163513:pressure:21:00' patient_id=382163513 time='21:00' text='check pressure'
2025-08-13 12:40:04 INFO pillsbot.engine — startup.cron job_id='measure_check:382163513:weight:21:00' patient_id=382163513 time='21:00' text='check weight'
2025-08-13 12:40:04 INFO pillsbot.app — startup.ready patients=1
2025-08-13 12:40:04 DEBUG pillsbot.app — polling.start
2025-08-13 12:40:04 DEBUG pillsbot.adapter — polling.run
2025-08-13 12:41:13 INFO pillsbot.app — startup.begin timezone='Europe/Kyiv'
2025-08-13 12:41:13 DEBUG pillsbot.engine — state.instance.create patient_id=382163513 time='15:41' text='Вітамін Д' status='Pending'
2025-08-13 12:41:13 DEBUG pillsbot.engine — state.instance.create patient_id=382163513 time='20:00' text='Вітамін Д' status='Pending'
2025-08-13 12:41:13 DEBUG pillsbot.engine — job.install job_id='dose_382163513_15:41' patient_id=382163513 time='15:41' text='Вітамін Д'
2025-08-13 12:41:13 DEBUG pillsbot.engine — job.install job_id='dose_382163513_20:00' patient_id=382163513 time='20:00' text='Вітамін Д'
2025-08-13 12:41:13 DEBUG pillsbot.engine — job.install job_id='measure_check:382163513:pressure:21:00' patient_id=382163513 measure_id='pressure' time='21:00'
2025-08-13 12:41:13 DEBUG pillsbot.engine — job.install job_id='measure_check:382163513:weight:21:00' patient_id=382163513 measure_id='weight' time='21:00'
2025-08-13 12:41:13 INFO pillsbot.engine — startup.cron job_id='dose_382163513_15:41' patient_id=382163513 time='15:41' text='Вітамін Д'
2025-08-13 12:41:13 INFO pillsbot.engine — startup.cron job_id='dose_382163513_20:00' patient_id=382163513 time='20:00' text='Вітамін Д'
2025-08-13 12:41:13 INFO pillsbot.engine — startup.cron job_id='measure_check:382163513:pressure:21:00' patient_id=382163513 time='21:00' text='check pressure'
2025-08-13 12:41:13 INFO pillsbot.engine — startup.cron job_id='measure_check:382163513:weight:21:00' patient_id=382163513 time='21:00' text='check weight'
2025-08-13 12:41:13 INFO pillsbot.app — startup.ready patients=1
2025-08-13 12:41:13 DEBUG pillsbot.app — polling.start
2025-08-13 12:41:13 DEBUG pillsbot.adapter — polling.run
2025-08-13 12:42:50 INFO pillsbot.app — startup.begin timezone='Europe/Kyiv'
2025-08-13 12:42:50 DEBUG pillsbot.engine — state.instance.create patient_id=382163513 time='15:44' text='Вітамін Д' status='Pending'
2025-08-13 12:42:50 DEBUG pillsbot.engine — state.instance.create patient_id=382163513 time='20:00' text='Вітамін Д' status='Pending'
2025-08-13 12:42:50 DEBUG pillsbot.engine — job.install job_id='dose_382163513_15:44' patient_id=382163513 time='15:44' text='Вітамін Д'
2025-08-13 12:42:50 DEBUG pillsbot.engine — job.install job_id='dose_382163513_20:00' patient_id=382163513 time='20:00' text='Вітамін Д'
2025-08-13 12:42:50 DEBUG pillsbot.engine — job.install job_id='measure_check:382163513:pressure:21:00' patient_id=382163513 measure_id='pressure' time='21:00'
2025-08-13 12:42:50 DEBUG pillsbot.engine — job.install job_id='measure_check:382163513:weight:21:00' patient_id=382163513 measure_id='weight' time='21:00'
2025-08-13 12:42:50 INFO pillsbot.engine — startup.cron job_id='dose_382163513_15:44' patient_id=382163513 time='15:44' text='Вітамін Д'
2025-08-13 12:42:50 INFO pillsbot.engine — startup.cron job_id='dose_382163513_20:00' patient_id=382163513 time='20:00' text='Вітамін Д'
2025-08-13 12:42:50 INFO pillsbot.engine — startup.cron job_id='measure_check:382163513:pressure:21:00' patient_id=382163513 time='21:00' text='check pressure'
2025-08-13 12:42:50 INFO pillsbot.engine — startup.cron job_id='measure_check:382163513:weight:21:00' patient_id=382163513 time='21:00' text='check weight'
2025-08-13 12:42:50 INFO pillsbot.app — startup.ready patients=1
2025-08-13 12:42:50 DEBUG pillsbot.app — polling.start
2025-08-13 12:42:50 DEBUG pillsbot.adapter — polling.run
2025-08-13 12:44:00 DEBUG pillsbot.engine — job.trigger patient_id=382163513 time='15:44'
2025-08-13 12:44:00 DEBUG pillsbot.engine — state.status.change patient_id=382163513 time='15:44' from_status='Pending' to_status='AwaitingConfirmation' reason='first reminder pre-set'
2025-08-13 12:44:00 INFO pillsbot.engine — msg.engine.reply group_id=-1002690368389 template='час прийняти Вітамін Д'
2025-08-13 12:44:00 INFO pillsbot.adapter — msg.out.group group_id=-1002690368389 text='час прийняти Вітамін Д'
2025-08-13 12:44:00 INFO pillsbot.adapter — msg.out.group group_id=-1002690368389 text='(keyboard refresh)'
2025-08-13 12:44:00 DEBUG pillsbot.engine — job.retry.start patient_id=382163513 time='15:44' interval_s=30
2025-08-13 12:44:30 INFO pillsbot.engine — msg.engine.reply group_id=-1002690368389 template='не отримано підтвердження'
2025-08-13 12:44:30 INFO pillsbot.adapter — msg.out.group group_id=-1002690368389 text='не отримано підтвердження'
2025-08-13 12:44:30 INFO pillsbot.adapter — msg.out.group group_id=-1002690368389 text='(keyboard refresh)'
2025-08-13 12:44:30 DEBUG pillsbot.engine — job.retry.tick patient_id=382163513 time='15:44' attempt=2
2025-08-13 12:44:49 DEBUG pillsbot.engine — cb.resolve.msgid.hit message_id=153 patient_id=382163513 time='15:44'
2025-08-13 12:44:49 DEBUG pillsbot.engine — job.retry.cancel patient_id=382163513 time='15:44'
2025-08-13 12:44:49 DEBUG pillsbot.engine — state.status.change patient_id=382163513 time='15:44' from_status='AwaitingConfirmation' to_status='Confirmed' reason='inline button'
2025-08-13 12:44:49 INFO pillsbot.engine — msg.engine.reply group_id=-1002690368389 template='підтвердження прийнято, дякую'
2025-08-13 12:44:49 INFO pillsbot.adapter — msg.out.group group_id=-1002690368389 text='підтвердження прийнято, дякую'
2025-08-13 12:45:55 INFO pillsbot.app — startup.begin timezone='Europe/Kyiv'
2025-08-13 12:45:55 DEBUG pillsbot.engine — state.instance.create patient_id=382163513 time='15:46' text='Вітамін Д' status='Pending'
2025-08-13 12:45:55 DEBUG pillsbot.engine — state.instance.create patient_id=382163513 time='20:00' text='Вітамін Д' status='Pending'
2025-08-13 12:45:55 DEBUG pillsbot.engine — job.install job_id='dose_382163513_15:46' patient_id=382163513 time='15:46' text='Вітамін Д'
2025-08-13 12:45:55 DEBUG pillsbot.engine — job.install job_id='dose_382163513_20:00' patient_id=382163513 time='20:00' text='Вітамін Д'
2025-08-13 12:45:55 DEBUG pillsbot.engine — job.install job_id='measure_check:382163513:pressure:21:00' patient_id=382163513 measure_id='pressure' time='21:00'
2025-08-13 12:45:55 DEBUG pillsbot.engine — job.install job_id='measure_check:382163513:weight:21:00' patient_id=382163513 measure_id='weight' time='21:00'
2025-08-13 12:45:55 INFO pillsbot.engine — startup.cron job_id='dose_382163513_15:46' patient_id=382163513 time='15:46' text='Вітамін Д'
2025-08-13 12:45:55 INFO pillsbot.engine — startup.cron job_id='dose_382163513_20:00' patient_id=382163513 time='20:00' text='Вітамін Д'
2025-08-13 12:45:55 INFO pillsbot.engine — startup.cron job_id='measure_check:382163513:pressure:21:00' patient_id=382163513 time='21:00' text='check pressure'
2025-08-13 12:45:55 INFO pillsbot.engine — startup.cron job_id='measure_check:382163513:weight:21:00' patient_id=382163513 time='21:00' text='check weight'
2025-08-13 12:45:55 INFO pillsbot.app — startup.ready patients=1
2025-08-13 12:45:55 DEBUG pillsbot.app — polling.start
2025-08-13 12:45:55 DEBUG pillsbot.adapter — polling.run
2025-08-13 12:45:56 INFO pillsbot.adapter — msg.in.group group_id=-1002690368389 sender_user_id=382163513 text='Aaaa'
2025-08-13 12:45:56 INFO pillsbot.engine — msg.engine.in group_id=-1002690368389 sender_user_id=382163513 text='Aaaa'
2025-08-13 12:45:56 INFO pillsbot.engine — msg.engine.reply group_id=-1002690368389 template='вибачте, помилка. невідомий показник'
2025-08-13 12:45:56 INFO pillsbot.adapter — msg.out.group group_id=-1002690368389 text='вибачте, помилка. невідомий показник'
2025-08-13 12:46:00 DEBUG pillsbot.engine — job.trigger patient_id=382163513 time='15:46'
2025-08-13 12:46:00 DEBUG pillsbot.engine — state.status.change patient_id=382163513 time='15:46' from_status='Pending' to_status='AwaitingConfirmation' reason='first reminder pre-set'
2025-08-13 12:46:00 INFO pillsbot.engine — msg.engine.reply group_id=-1002690368389 template='час прийняти Вітамін Д'
2025-08-13 12:46:00 INFO pillsbot.adapter — msg.out.group group_id=-1002690368389 text='час прийняти Вітамін Д'
2025-08-13 12:46:00 INFO pillsbot.adapter — msg.out.group group_id=-1002690368389 text='(keyboard refresh)'
2025-08-13 12:46:00 DEBUG pillsbot.engine — job.retry.start patient_id=382163513 time='15:46' interval_s=30
2025-08-13 12:46:30 INFO pillsbot.engine — msg.engine.reply group_id=-1002690368389 template='не отримано підтвердження'
2025-08-13 12:46:30 INFO pillsbot.adapter — msg.out.group group_id=-1002690368389 text='не отримано підтвердження'
2025-08-13 12:46:30 INFO pillsbot.adapter — msg.out.group group_id=-1002690368389 text='(keyboard refresh)'
2025-08-13 12:46:30 DEBUG pillsbot.engine — job.retry.tick patient_id=382163513 time='15:46' attempt=2
2025-08-13 12:47:00 INFO pillsbot.engine — msg.engine.reply group_id=-1002690368389 template='не отримано підтвердження'
2025-08-13 12:47:00 INFO pillsbot.adapter — msg.out.group group_id=-1002690368389 text='не отримано підтвердження'
2025-08-13 12:47:00 INFO pillsbot.adapter — msg.out.group group_id=-1002690368389 text='(keyboard refresh)'
2025-08-13 12:47:00 DEBUG pillsbot.engine — job.retry.tick patient_id=382163513 time='15:46' attempt=3
2025-08-13 12:47:30 INFO pillsbot.engine — msg.engine.reply group_id=-1002690368389 template='не отримано підтвердження, залучаємо мед.сестру'
2025-08-13 12:47:30 INFO pillsbot.adapter — msg.out.group group_id=-1002690368389 text='не отримано підтвердження, залучаємо мед.сестру'
2025-08-13 12:47:30 INFO pillsbot.adapter — msg.out.dm user_id=7391874317 text='пацієнт (Іван Петров): пропустив 2025-08-13 15:46, Вітамін Д'
2025-08-13 12:47:31 DEBUG pillsbot.engine — state.status.change patient_id=382163513 time='15:46' from_status='AwaitingConfirmation' to_status='Escalated' reason='max retries exceeded'
2025-08-13 12:47:31 DEBUG pillsbot.engine — job.retry.stop patient_id=382163513 time='15:46' reason='escalated'
2025-08-13 14:08:09 INFO pillsbot.app — startup.begin timezone='Europe/Kyiv'
2025-08-13 14:08:09 INFO pillsbot.app — startup.ready patients=1
2025-08-13 14:08:09 DEBUG pillsbot.app — polling.start
2025-08-13 14:08:09 DEBUG pillsbot.adapter — polling.run
2025-08-13 14:08:09 INFO pillsbot.engine — msg.out.group group_id=-1002690368389 text='час прийняти Вітамін Д'
2025-08-13 14:08:09 ERROR pillsbot.engine — msg.out.group.error group_id=-1002690368389 err="'NoneType' object has no attribute 'send_group_message'"
2025-08-13 14:08:09 INFO pillsbot.engine — msg.out.group group_id=-1002690368389 text='Оновив кнопки ↓'
2025-08-13 14:08:09 ERROR pillsbot.engine — msg.out.group.error group_id=-1002690368389 err="'NoneType' object has no attribute 'send_group_message'"
2025-08-13 14:08:09 INFO pillsbot.engine — msg.out.group group_id=-1002690368389 text='час прийняти Вітамін Д'
2025-08-13 14:08:09 ERROR pillsbot.engine — msg.out.group.error group_id=-1002690368389 err="'NoneType' object has no attribute 'send_group_message'"
2025-08-13 14:08:09 INFO pillsbot.engine — msg.out.group group_id=-1002690368389 text='Оновив кнопки ↓'
2025-08-13 14:08:09 ERROR pillsbot.engine — msg.out.group.error group_id=-1002690368389 err="'NoneType' object has no attribute 'send_group_message'"
2025-08-13 14:08:39 DEBUG pillsbot.engine — retry.repeat patient_id=382163513 time='15:46' attempt=2
2025-08-13 14:08:39 INFO pillsbot.engine — msg.out.group group_id=-1002690368389 text='не отримано підтвердження'
2025-08-13 14:08:39 ERROR pillsbot.engine — msg.out.group.error group_id=-1002690368389 err="'NoneType' object has no attribute 'send_group_message'"
2025-08-13 14:08:39 DEBUG pillsbot.engine — retry.repeat patient_id=382163513 time='20:00' attempt=2
2025-08-13 14:08:39 INFO pillsbot.engine — msg.out.group group_id=-1002690368389 text='не отримано підтвердження'
2025-08-13 14:08:39 ERROR pillsbot.engine — msg.out.group.error group_id=-1002690368389 err="'NoneType' object has no attribute 'send_group_message'"
2025-08-13 14:09:28 INFO pillsbot.app — startup.begin timezone='Europe/Kyiv'
2025-08-13 14:09:28 INFO pillsbot.app — startup.ready patients=1
2025-08-13 14:09:28 DEBUG pillsbot.app — polling.start
2025-08-13 14:09:28 DEBUG pillsbot.adapter — polling.run
2025-08-13 14:09:28 INFO pillsbot.engine — msg.out.group group_id=-1002690368389 text='час прийняти Вітамін Д'
2025-08-13 14:09:28 ERROR pillsbot.engine — msg.out.group.error group_id=-1002690368389 err="'NoneType' object has no attribute 'send_group_message'"
2025-08-13 14:09:28 INFO pillsbot.engine — msg.out.group group_id=-1002690368389 text='Оновив кнопки ↓'
2025-08-13 14:09:28 ERROR pillsbot.engine — msg.out.group.error group_id=-1002690368389 err="'NoneType' object has no attribute 'send_group_message'"
2025-08-13 14:09:28 INFO pillsbot.engine — msg.out.group group_id=-1002690368389 text='час прийняти Вітамін Д'
2025-08-13 14:09:28 ERROR pillsbot.engine — msg.out.group.error group_id=-1002690368389 err="'NoneType' object has no attribute 'send_group_message'"
2025-08-13 14:09:28 INFO pillsbot.engine — msg.out.group group_id=-1002690368389 text='Оновив кнопки ↓'
2025-08-13 14:09:28 ERROR pillsbot.engine — msg.out.group.error group_id=-1002690368389 err="'NoneType' object has no attribute 'send_group_message'"
2025-08-13 14:09:58 DEBUG pillsbot.engine — retry.repeat patient_id=382163513 time='17:11' attempt=2
2025-08-13 14:09:58 INFO pillsbot.engine — msg.out.group group_id=-1002690368389 text='не отримано підтвердження'
2025-08-13 14:09:58 ERROR pillsbot.engine — msg.out.group.error group_id=-1002690368389 err="'NoneType' object has no attribute 'send_group_message'"
2025-08-13 14:09:58 DEBUG pillsbot.engine — retry.repeat patient_id=382163513 time='20:00' attempt=2
2025-08-13 14:09:58 INFO pillsbot.engine — msg.out.group group_id=-1002690368389 text='не отримано підтвердження'
2025-08-13 14:09:58 ERROR pillsbot.engine — msg.out.group.error group_id=-1002690368389 err="'NoneType' object has no attribute 'send_group_message'"
2025-08-13 14:10:28 DEBUG pillsbot.engine — retry.repeat patient_id=382163513 time='17:11' attempt=3
2025-08-13 14:10:28 INFO pillsbot.engine — msg.out.group group_id=-1002690368389 text='не отримано підтвердження'
2025-08-13 14:10:28 ERROR pillsbot.engine — msg.out.group.error group_id=-1002690368389 err="'NoneType' object has no attribute 'send_group_message'"
2025-08-13 14:10:28 DEBUG pillsbot.engine — retry.repeat patient_id=382163513 time='20:00' attempt=3
2025-08-13 14:10:28 INFO pillsbot.engine — msg.out.group group_id=-1002690368389 text='не отримано підтвердження'
2025-08-13 14:10:28 ERROR pillsbot.engine — msg.out.group.error group_id=-1002690368389 err="'NoneType' object has no attribute 'send_group_message'"
2025-08-13 14:11:15 INFO pillsbot.app — startup.begin timezone='Europe/Kyiv'
2025-08-13 14:11:15 INFO pillsbot.app — startup.ready patients=1
2025-08-13 14:11:15 DEBUG pillsbot.app — polling.start
2025-08-13 14:11:15 DEBUG pillsbot.adapter — polling.run
2025-08-13 14:11:15 INFO pillsbot.engine — msg.out.group group_id=-1002690368389 text='час прийняти Вітамін Д'
2025-08-13 14:11:15 ERROR pillsbot.engine — msg.out.group.error group_id=-1002690368389 err="'NoneType' object has no attribute 'send_group_message'"
2025-08-13 14:11:15 INFO pillsbot.engine — msg.out.group group_id=-1002690368389 text='Оновив кнопки ↓'
2025-08-13 14:11:15 ERROR pillsbot.engine — msg.out.group.error group_id=-1002690368389 err="'NoneType' object has no attribute 'send_group_message'"
2025-08-13 14:11:15 INFO pillsbot.engine — msg.out.group group_id=-1002690368389 text='час прийняти Вітамін Д'
2025-08-13 14:11:15 ERROR pillsbot.engine — msg.out.group.error group_id=-1002690368389 err="'NoneType' object has no attribute 'send_group_message'"
2025-08-13 14:11:15 INFO pillsbot.engine — msg.out.group group_id=-1002690368389 text='Оновив кнопки ↓'
2025-08-13 14:11:15 ERROR pillsbot.engine — msg.out.group.error group_id=-1002690368389 err="'NoneType' object has no attribute 'send_group_message'"
2025-08-13 14:11:45 DEBUG pillsbot.engine — retry.repeat patient_id=382163513 time='17:12' attempt=2
2025-08-13 14:11:45 INFO pillsbot.engine — msg.out.group group_id=-1002690368389 text='не отримано підтвердження'
2025-08-13 14:11:45 ERROR pillsbot.engine — msg.out.group.error group_id=-1002690368389 err="'NoneType' object has no attribute 'send_group_message'"
2025-08-13 14:11:45 DEBUG pillsbot.engine — retry.repeat patient_id=382163513 time='20:00' attempt=2
2025-08-13 14:11:45 INFO pillsbot.engine — msg.out.group group_id=-1002690368389 text='не отримано підтвердження'
2025-08-13 14:11:45 ERROR pillsbot.engine — msg.out.group.error group_id=-1002690368389 err="'NoneType' object has no attribute 'send_group_message'"
2025-08-13 14:12:15 DEBUG pillsbot.engine — retry.repeat patient_id=382163513 time='17:12' attempt=3
2025-08-13 14:12:15 INFO pillsbot.engine — msg.out.group group_id=-1002690368389 text='не отримано підтвердження'
2025-08-13 14:12:15 ERROR pillsbot.engine — msg.out.group.error group_id=-1002690368389 err="'NoneType' object has no attribute 'send_group_message'"
2025-08-13 14:12:15 DEBUG pillsbot.engine — retry.repeat patient_id=382163513 time='20:00' attempt=3
2025-08-13 14:12:15 INFO pillsbot.engine — msg.out.group group_id=-1002690368389 text='не отримано підтвердження'
2025-08-13 14:12:15 ERROR pillsbot.engine — msg.out.group.error group_id=-1002690368389 err="'NoneType' object has no attribute 'send_group_message'"
2025-08-13 14:12:45 INFO pillsbot.engine — retry.escalate patient_id=382163513 time='17:12' attempts=4
2025-08-13 14:12:45 INFO pillsbot.engine — msg.out.group group_id=-1002690368389 text='не отримано підтвердження, залучаємо мед.сестру'
2025-08-13 14:12:45 ERROR pillsbot.engine — msg.out.group.error group_id=-1002690368389 err="'NoneType' object has no attribute 'send_group_message'"
2025-08-13 14:12:45 INFO pillsbot.engine — msg.out.dm user_id=7391874317 text='пацієнт (Іван Петров): пропустив 2025-08-13 17:12, Вітамін Д'
2025-08-13 14:12:45 ERROR pillsbot.engine — msg.out.dm.error user_id=7391874317 err="'NoneType' object has no attribute 'send_nurse_dm'"
2025-08-13 14:12:45 INFO pillsbot.engine — retry.escalate patient_id=382163513 time='20:00' attempts=4
2025-08-13 14:12:45 INFO pillsbot.engine — msg.out.group group_id=-1002690368389 text='не отримано підтвердження, залучаємо мед.сестру'
2025-08-13 14:12:45 ERROR pillsbot.engine — msg.out.group.error group_id=-1002690368389 err="'NoneType' object has no attribute 'send_group_message'"
2025-08-13 14:12:45 INFO pillsbot.engine — msg.out.dm user_id=7391874317 text='пацієнт (Іван Петров): пропустив 2025-08-13 20:00, Вітамін Д'
2025-08-13 14:12:45 ERROR pillsbot.engine — msg.out.dm.error user_id=7391874317 err="'NoneType' object has no attribute 'send_nurse_dm'"
